{"C:\\Users\\wvd51\\Desktop\\ARA Final\\AnimalRescue\\app\\components\\BottomSheetComponent\\BottomSheet.js": {"path":"C:\\Users\\wvd51\\Desktop\\ARA Final\\AnimalRescue\\app\\components\\BottomSheetComponent\\BottomSheet.js","statementMap":{"0":{"start":{"line":1,"column":42},"end":{"line":1,"column":97}},"1":{"start":{"line":1,"column":128},"end":{"line":1,"column":184}},"2":{"start":{"line":1,"column":185},"end":{"line":1,"column":247}},"3":{"start":{"line":1,"column":247},"end":{"line":1,"column":272}},"4":{"start":{"line":1,"column":295},"end":{"line":1,"column":367}},"5":{"start":{"line":1,"column":388},"end":{"line":1,"column":457}},"6":{"start":{"line":1,"column":492},"end":{"line":1,"column":575}},"7":{"start":{"line":1,"column":599},"end":{"line":1,"column":671}},"8":{"start":{"line":1,"column":689},"end":{"line":1,"column":755}},"9":{"start":{"line":1,"column":769},"end":{"line":1,"column":810}},"10":{"start":{"line":2,"column":19},"end":{"line":2,"column":42}},"11":{"start":{"line":3,"column":14},"end":{"line":3,"column":57}},"12":{"start":{"line":4,"column":30},"end":{"line":4,"column":113}},"13":{"start":{"line":5,"column":33},"end":{"line":5,"column":97}},"14":{"start":{"line":6,"column":15},"end":{"line":6,"column":45}},"15":{"start":{"line":6,"column":65},"end":{"line":6,"column":172}},"16":{"start":{"line":8,"column":13},"end":{"line":27,"column":47}},"17":{"start":{"line":8,"column":36},"end":{"line":8,"column":84}},"18":{"start":{"line":8,"column":107},"end":{"line":8,"column":155}},"19":{"start":{"line":8,"column":155},"end":{"line":8,"column":275}},"20":{"start":{"line":8,"column":276},"end":{"line":27,"column":10}},"21":{"start":{"line":11,"column":6},"end":{"line":22,"column":167}},"22":{"start":{"line":27,"column":10},"end":{"line":27,"column":28}},"23":{"start":{"line":27,"column":48},"end":{"line":27,"column":77}}},"fnMap":{"0":{"name":"(anonymous_0)","decl":{"start":{"line":8,"column":13},"end":{"line":8,"column":14}},"loc":{"start":{"line":8,"column":35},"end":{"line":27,"column":29}},"line":8},"1":{"name":"BottomShet","decl":{"start":{"line":8,"column":93},"end":{"line":8,"column":103}},"loc":{"start":{"line":8,"column":106},"end":{"line":8,"column":276}},"line":8},"2":{"name":"render","decl":{"start":{"line":8,"column":349},"end":{"line":8,"column":355}},"loc":{"start":{"line":10,"column":4},"end":{"line":27,"column":5}},"line":10}},"branchMap":{},"s":{"0":1,"1":1,"2":1,"3":1,"4":1,"5":1,"6":1,"7":1,"8":1,"9":1,"10":1,"11":1,"12":1,"13":1,"14":1,"15":1,"16":1,"17":1,"18":0,"19":0,"20":1,"21":0,"22":1,"23":1},"f":{"0":1,"1":0,"2":0},"b":{},"_coverageSchema":"43e27e138ebf9cfc5966b082cf9a028302ed4184","hash":"c660d8a40977547d6224c6064e09bd3447ad1772"}
,"C:\\Users\\wvd51\\Desktop\\ARA Final\\AnimalRescue\\app\\components\\BottomSheetComponent\\styles.js": {"path":"C:\\Users\\wvd51\\Desktop\\ARA Final\\AnimalRescue\\app\\components\\BottomSheetComponent\\styles.js","statementMap":{"0":{"start":{"line":1,"column":13},"end":{"line":1,"column":75}},"1":{"start":{"line":1,"column":75},"end":{"line":1,"column":100}},"2":{"start":{"line":1,"column":119},"end":{"line":1,"column":142}},"3":{"start":{"line":2,"column":14},"end":{"line":2,"column":44}},"4":{"start":{"line":4,"column":18},"end":{"line":4,"column":61}},"5":{"start":{"line":5,"column":19},"end":{"line":5,"column":63}},"6":{"start":{"line":7,"column":0},"end":{"line":110,"column":25}},"7":{"start":{"line":110,"column":26},"end":{"line":110,"column":53}}},"fnMap":{},"branchMap":{},"s":{"0":1,"1":1,"2":1,"3":1,"4":1,"5":1,"6":1,"7":1},"f":{},"b":{},"_coverageSchema":"43e27e138ebf9cfc5966b082cf9a028302ed4184","hash":"cd1aaebfee92e0abef31ffc1bd9f62552de7a2d7"}
,"C:\\Users\\wvd51\\Desktop\\ARA Final\\AnimalRescue\\app\\components\\DrawerComponent\\DrawerPanel.js": {"path":"C:\\Users\\wvd51\\Desktop\\ARA Final\\AnimalRescue\\app\\components\\DrawerComponent\\DrawerPanel.js","statementMap":{"0":{"start":{"line":1,"column":42},"end":{"line":1,"column":97}},"1":{"start":{"line":1,"column":128},"end":{"line":1,"column":184}},"2":{"start":{"line":1,"column":185},"end":{"line":1,"column":247}},"3":{"start":{"line":1,"column":247},"end":{"line":1,"column":272}},"4":{"start":{"line":1,"column":295},"end":{"line":1,"column":367}},"5":{"start":{"line":1,"column":388},"end":{"line":1,"column":457}},"6":{"start":{"line":1,"column":492},"end":{"line":1,"column":575}},"7":{"start":{"line":1,"column":599},"end":{"line":1,"column":671}},"8":{"start":{"line":1,"column":689},"end":{"line":1,"column":755}},"9":{"start":{"line":1,"column":769},"end":{"line":1,"column":810}},"10":{"start":{"line":2,"column":19},"end":{"line":2,"column":42}},"11":{"start":{"line":3,"column":14},"end":{"line":3,"column":57}},"12":{"start":{"line":4,"column":19},"end":{"line":4,"column":91}},"13":{"start":{"line":5,"column":33},"end":{"line":5,"column":97}},"14":{"start":{"line":6,"column":15},"end":{"line":6,"column":45}},"15":{"start":{"line":7,"column":22},"end":{"line":7,"column":60}},"16":{"start":{"line":8,"column":23},"end":{"line":8,"column":50}},"17":{"start":{"line":8,"column":70},"end":{"line":8,"column":172}},"18":{"start":{"line":9,"column":14},"end":{"line":84,"column":48}},"19":{"start":{"line":9,"column":37},"end":{"line":9,"column":86}},"20":{"start":{"line":10,"column":36},"end":{"line":10,"column":85}},"21":{"start":{"line":11,"column":4},"end":{"line":11,"column":114}},"22":{"start":{"line":11,"column":114},"end":{"line":43,"column":6}},"23":{"start":{"line":41,"column":6},"end":{"line":41,"column":46}},"24":{"start":{"line":42,"column":6},"end":{"line":42,"column":41}},"25":{"start":{"line":43,"column":6},"end":{"line":43,"column":65}},"26":{"start":{"line":43,"column":65},"end":{"line":43,"column":78}},"27":{"start":{"line":43,"column":79},"end":{"line":84,"column":10}},"28":{"start":{"line":43,"column":196},"end":{"line":43,"column":200}},"29":{"start":{"line":43,"column":214},"end":{"line":43,"column":254}},"30":{"start":{"line":43,"column":255},"end":{"line":43,"column":565}},"31":{"start":{"line":43,"column":352},"end":{"line":43,"column":374}},"32":{"start":{"line":43,"column":386},"end":{"line":43,"column":400}},"33":{"start":{"line":43,"column":401},"end":{"line":43,"column":483}},"34":{"start":{"line":43,"column":413},"end":{"line":43,"column":482}},"35":{"start":{"line":43,"column":510},"end":{"line":43,"column":562}},"36":{"start":{"line":45,"column":18},"end":{"line":45,"column":22}},"37":{"start":{"line":46,"column":6},"end":{"line":78,"column":158}},"38":{"start":{"line":75,"column":128},"end":{"line":75,"column":151}},"39":{"start":{"line":84,"column":10},"end":{"line":84,"column":29}},"40":{"start":{"line":86,"column":0},"end":{"line":86,"column":49}},"41":{"start":{"line":86,"column":50},"end":{"line":86,"column":77}}},"fnMap":{"0":{"name":"(anonymous_0)","decl":{"start":{"line":9,"column":14},"end":{"line":9,"column":15}},"loc":{"start":{"line":9,"column":36},"end":{"line":84,"column":30}},"line":9},"1":{"name":"DrawerPanel","decl":{"start":{"line":10,"column":11},"end":{"line":10,"column":22}},"loc":{"start":{"line":10,"column":25},"end":{"line":43,"column":79}},"line":10},"2":{"name":"(anonymous_2)","decl":{"start":{"line":40,"column":13},"end":{"line":40,"column":14}},"loc":{"start":{"line":40,"column":25},"end":{"line":43,"column":5}},"line":40},"3":{"name":"componentDidMount","decl":{"start":{"line":43,"column":164},"end":{"line":43,"column":181}},"loc":{"start":{"line":43,"column":184},"end":{"line":43,"column":566}},"line":43},"4":{"name":"(anonymous_4)","decl":{"start":{"line":43,"column":319},"end":{"line":43,"column":320}},"loc":{"start":{"line":43,"column":339},"end":{"line":43,"column":484}},"line":43},"5":{"name":"(anonymous_5)","decl":{"start":{"line":43,"column":486},"end":{"line":43,"column":487}},"loc":{"start":{"line":43,"column":509},"end":{"line":43,"column":563}},"line":43},"6":{"name":"render","decl":{"start":{"line":43,"column":603},"end":{"line":43,"column":609}},"loc":{"start":{"line":45,"column":4},"end":{"line":84,"column":5}},"line":45},"7":{"name":"onPress","decl":{"start":{"line":75,"column":117},"end":{"line":75,"column":124}},"loc":{"start":{"line":75,"column":127},"end":{"line":75,"column":152}},"line":75}},"branchMap":{"0":{"loc":{"start":{"line":43,"column":401},"end":{"line":43,"column":483}},"type":"if","locations":[{"start":{"line":43,"column":401},"end":{"line":43,"column":483}},{"start":{"line":43,"column":401},"end":{"line":43,"column":483}}],"line":43}},"s":{"0":1,"1":1,"2":1,"3":1,"4":1,"5":1,"6":1,"7":1,"8":1,"9":1,"10":1,"11":1,"12":1,"13":1,"14":1,"15":1,"16":1,"17":1,"18":1,"19":1,"20":0,"21":0,"22":0,"23":0,"24":0,"25":0,"26":0,"27":1,"28":0,"29":0,"30":0,"31":0,"32":0,"33":0,"34":0,"35":0,"36":0,"37":0,"38":0,"39":1,"40":1,"41":1},"f":{"0":1,"1":0,"2":0,"3":0,"4":0,"5":0,"6":0,"7":0},"b":{"0":[0,0]},"_coverageSchema":"43e27e138ebf9cfc5966b082cf9a028302ed4184","hash":"c12f2f396a6909365b1ee8877ea0f657064fa09e"}
,"C:\\Users\\wvd51\\Desktop\\ARA Final\\AnimalRescue\\app\\components\\DrawerComponent\\styles.js": {"path":"C:\\Users\\wvd51\\Desktop\\ARA Final\\AnimalRescue\\app\\components\\DrawerComponent\\styles.js","statementMap":{"0":{"start":{"line":1,"column":13},"end":{"line":1,"column":75}},"1":{"start":{"line":1,"column":75},"end":{"line":1,"column":100}},"2":{"start":{"line":1,"column":119},"end":{"line":1,"column":142}},"3":{"start":{"line":2,"column":14},"end":{"line":2,"column":44}},"4":{"start":{"line":4,"column":18},"end":{"line":4,"column":61}},"5":{"start":{"line":5,"column":19},"end":{"line":5,"column":63}},"6":{"start":{"line":7,"column":0},"end":{"line":95,"column":25}},"7":{"start":{"line":95,"column":26},"end":{"line":95,"column":53}}},"fnMap":{},"branchMap":{},"s":{"0":1,"1":1,"2":1,"3":1,"4":1,"5":1,"6":1,"7":1},"f":{},"b":{},"_coverageSchema":"43e27e138ebf9cfc5966b082cf9a028302ed4184","hash":"679fb70645dbdf4ccf803da4f345f08873c65173"}
,"C:\\Users\\wvd51\\Desktop\\ARA Final\\AnimalRescue\\app\\components\\HeaderNavigationBar\\HeaderNavigationBar.js": {"path":"C:\\Users\\wvd51\\Desktop\\ARA Final\\AnimalRescue\\app\\components\\HeaderNavigationBar\\HeaderNavigationBar.js","statementMap":{"0":{"start":{"line":1,"column":42},"end":{"line":1,"column":97}},"1":{"start":{"line":1,"column":128},"end":{"line":1,"column":184}},"2":{"start":{"line":1,"column":185},"end":{"line":1,"column":247}},"3":{"start":{"line":1,"column":247},"end":{"line":1,"column":272}},"4":{"start":{"line":1,"column":295},"end":{"line":1,"column":367}},"5":{"start":{"line":1,"column":388},"end":{"line":1,"column":457}},"6":{"start":{"line":1,"column":492},"end":{"line":1,"column":575}},"7":{"start":{"line":1,"column":599},"end":{"line":1,"column":671}},"8":{"start":{"line":1,"column":689},"end":{"line":1,"column":755}},"9":{"start":{"line":1,"column":769},"end":{"line":1,"column":810}},"10":{"start":{"line":2,"column":19},"end":{"line":2,"column":42}},"11":{"start":{"line":3,"column":14},"end":{"line":3,"column":57}},"12":{"start":{"line":4,"column":19},"end":{"line":4,"column":91}},"13":{"start":{"line":5,"column":33},"end":{"line":5,"column":97}},"14":{"start":{"line":6,"column":15},"end":{"line":6,"column":45}},"15":{"start":{"line":7,"column":19},"end":{"line":7,"column":84}},"16":{"start":{"line":8,"column":19},"end":{"line":8,"column":89}},"17":{"start":{"line":8,"column":109},"end":{"line":8,"column":223}},"18":{"start":{"line":10,"column":22},"end":{"line":64,"column":56}},"19":{"start":{"line":10,"column":45},"end":{"line":10,"column":102}},"20":{"start":{"line":10,"column":165},"end":{"line":10,"column":222}},"21":{"start":{"line":10,"column":222},"end":{"line":10,"column":342}},"22":{"start":{"line":10,"column":238},"end":{"line":10,"column":254}},"23":{"start":{"line":10,"column":263},"end":{"line":10,"column":278}},"24":{"start":{"line":10,"column":287},"end":{"line":10,"column":288}},"25":{"start":{"line":10,"column":312},"end":{"line":10,"column":341}},"26":{"start":{"line":10,"column":342},"end":{"line":10,"column":520}},"27":{"start":{"line":10,"column":520},"end":{"line":14,"column":6}},"28":{"start":{"line":12,"column":6},"end":{"line":12,"column":28}},"29":{"start":{"line":13,"column":6},"end":{"line":13,"column":28}},"30":{"start":{"line":14,"column":6},"end":{"line":14,"column":19}},"31":{"start":{"line":14,"column":20},"end":{"line":64,"column":10}},"32":{"start":{"line":15,"column":18},"end":{"line":15,"column":22}},"33":{"start":{"line":16,"column":6},"end":{"line":60,"column":174}},"34":{"start":{"line":33,"column":12},"end":{"line":33,"column":34}},"35":{"start":{"line":45,"column":12},"end":{"line":45,"column":34}},"36":{"start":{"line":64,"column":10},"end":{"line":64,"column":37}},"37":{"start":{"line":64,"column":57},"end":{"line":64,"column":95}}},"fnMap":{"0":{"name":"(anonymous_0)","decl":{"start":{"line":10,"column":22},"end":{"line":10,"column":23}},"loc":{"start":{"line":10,"column":44},"end":{"line":64,"column":38}},"line":10},"1":{"name":"HeaderNavigationBar","decl":{"start":{"line":10,"column":111},"end":{"line":10,"column":130}},"loc":{"start":{"line":10,"column":133},"end":{"line":14,"column":20}},"line":10},"2":{"name":"(anonymous_2)","decl":{"start":{"line":11,"column":14},"end":{"line":11,"column":15}},"loc":{"start":{"line":11,"column":26},"end":{"line":14,"column":5}},"line":11},"3":{"name":"render","decl":{"start":{"line":14,"column":102},"end":{"line":14,"column":108}},"loc":{"start":{"line":15,"column":4},"end":{"line":64,"column":5}},"line":15},"4":{"name":"onPress","decl":{"start":{"line":32,"column":28},"end":{"line":32,"column":35}},"loc":{"start":{"line":32,"column":38},"end":{"line":34,"column":11}},"line":32},"5":{"name":"ref","decl":{"start":{"line":44,"column":24},"end":{"line":44,"column":27}},"loc":{"start":{"line":44,"column":34},"end":{"line":46,"column":11}},"line":44}},"branchMap":{"0":{"loc":{"start":{"line":30,"column":8},"end":{"line":39,"column":163}},"type":"cond-expr","locations":[{"start":{"line":31,"column":8},"end":{"line":36,"column":157}},{"start":{"line":39,"column":8},"end":{"line":39,"column":163}}],"line":30}},"s":{"0":1,"1":1,"2":1,"3":1,"4":1,"5":1,"6":1,"7":1,"8":1,"9":1,"10":1,"11":1,"12":1,"13":1,"14":1,"15":1,"16":1,"17":1,"18":1,"19":1,"20":1,"21":1,"22":1,"23":1,"24":1,"25":2,"26":1,"27":0,"28":0,"29":0,"30":0,"31":1,"32":0,"33":0,"34":0,"35":0,"36":1,"37":1},"f":{"0":1,"1":1,"2":0,"3":0,"4":0,"5":0},"b":{"0":[0,0]},"_coverageSchema":"43e27e138ebf9cfc5966b082cf9a028302ed4184","hash":"19d52b804d8c7bce5608f4181612166820fb8fe4"}
,"C:\\Users\\wvd51\\Desktop\\ARA Final\\AnimalRescue\\app\\components\\HeaderNavigationBar\\styles.js": {"path":"C:\\Users\\wvd51\\Desktop\\ARA Final\\AnimalRescue\\app\\components\\HeaderNavigationBar\\styles.js","statementMap":{"0":{"start":{"line":1,"column":13},"end":{"line":1,"column":75}},"1":{"start":{"line":1,"column":75},"end":{"line":1,"column":100}},"2":{"start":{"line":1,"column":119},"end":{"line":1,"column":142}},"3":{"start":{"line":2,"column":14},"end":{"line":2,"column":44}},"4":{"start":{"line":4,"column":18},"end":{"line":4,"column":61}},"5":{"start":{"line":5,"column":19},"end":{"line":5,"column":63}},"6":{"start":{"line":7,"column":0},"end":{"line":131,"column":25}},"7":{"start":{"line":131,"column":26},"end":{"line":131,"column":53}}},"fnMap":{},"branchMap":{},"s":{"0":1,"1":1,"2":1,"3":1,"4":1,"5":1,"6":1,"7":1},"f":{},"b":{},"_coverageSchema":"43e27e138ebf9cfc5966b082cf9a028302ed4184","hash":"68e3a8d749c2871066543a2e561f639b8b25b2ca"}
,"C:\\Users\\wvd51\\Desktop\\ARA Final\\AnimalRescue\\app\\components\\ModalHeaderNavigationBar\\modalHeaderNavigationBar.js": {"path":"C:\\Users\\wvd51\\Desktop\\ARA Final\\AnimalRescue\\app\\components\\ModalHeaderNavigationBar\\modalHeaderNavigationBar.js","statementMap":{"0":{"start":{"line":1,"column":42},"end":{"line":1,"column":97}},"1":{"start":{"line":1,"column":128},"end":{"line":1,"column":184}},"2":{"start":{"line":1,"column":185},"end":{"line":1,"column":247}},"3":{"start":{"line":1,"column":247},"end":{"line":1,"column":272}},"4":{"start":{"line":1,"column":295},"end":{"line":1,"column":367}},"5":{"start":{"line":1,"column":388},"end":{"line":1,"column":457}},"6":{"start":{"line":1,"column":492},"end":{"line":1,"column":575}},"7":{"start":{"line":1,"column":599},"end":{"line":1,"column":671}},"8":{"start":{"line":1,"column":689},"end":{"line":1,"column":755}},"9":{"start":{"line":1,"column":769},"end":{"line":1,"column":810}},"10":{"start":{"line":2,"column":19},"end":{"line":2,"column":42}},"11":{"start":{"line":3,"column":14},"end":{"line":3,"column":57}},"12":{"start":{"line":4,"column":19},"end":{"line":4,"column":91}},"13":{"start":{"line":4,"column":111},"end":{"line":4,"column":235}},"14":{"start":{"line":5,"column":27},"end":{"line":21,"column":61}},"15":{"start":{"line":5,"column":50},"end":{"line":5,"column":112}},"16":{"start":{"line":5,"column":149},"end":{"line":5,"column":211}},"17":{"start":{"line":5,"column":211},"end":{"line":5,"column":345}},"18":{"start":{"line":5,"column":346},"end":{"line":21,"column":10}},"19":{"start":{"line":7,"column":6},"end":{"line":18,"column":167}},"20":{"start":{"line":21,"column":10},"end":{"line":21,"column":42}},"21":{"start":{"line":21,"column":62},"end":{"line":21,"column":105}}},"fnMap":{"0":{"name":"(anonymous_0)","decl":{"start":{"line":5,"column":27},"end":{"line":5,"column":28}},"loc":{"start":{"line":5,"column":49},"end":{"line":21,"column":43}},"line":5},"1":{"name":"modalHeaderNavigationBar","decl":{"start":{"line":5,"column":121},"end":{"line":5,"column":145}},"loc":{"start":{"line":5,"column":148},"end":{"line":5,"column":346}},"line":5},"2":{"name":"render","decl":{"start":{"line":5,"column":433},"end":{"line":5,"column":439}},"loc":{"start":{"line":6,"column":4},"end":{"line":21,"column":5}},"line":6}},"branchMap":{},"s":{"0":1,"1":1,"2":1,"3":1,"4":1,"5":1,"6":1,"7":1,"8":1,"9":1,"10":1,"11":1,"12":1,"13":1,"14":1,"15":1,"16":0,"17":0,"18":1,"19":0,"20":1,"21":1},"f":{"0":1,"1":0,"2":0},"b":{},"_coverageSchema":"43e27e138ebf9cfc5966b082cf9a028302ed4184","hash":"576e0dc4667bc18bbaabc2f7ffe728d05a303bf5"}
,"C:\\Users\\wvd51\\Desktop\\ARA Final\\AnimalRescue\\app\\components\\ModalHeaderNavigationBar\\styles.js": {"path":"C:\\Users\\wvd51\\Desktop\\ARA Final\\AnimalRescue\\app\\components\\ModalHeaderNavigationBar\\styles.js","statementMap":{"0":{"start":{"line":1,"column":13},"end":{"line":1,"column":75}},"1":{"start":{"line":1,"column":75},"end":{"line":1,"column":100}},"2":{"start":{"line":1,"column":119},"end":{"line":1,"column":142}},"3":{"start":{"line":2,"column":14},"end":{"line":2,"column":44}},"4":{"start":{"line":4,"column":18},"end":{"line":4,"column":61}},"5":{"start":{"line":5,"column":19},"end":{"line":5,"column":63}},"6":{"start":{"line":7,"column":0},"end":{"line":43,"column":23}},"7":{"start":{"line":43,"column":24},"end":{"line":43,"column":51}}},"fnMap":{},"branchMap":{},"s":{"0":1,"1":1,"2":1,"3":1,"4":1,"5":1,"6":1,"7":1},"f":{},"b":{},"_coverageSchema":"43e27e138ebf9cfc5966b082cf9a028302ed4184","hash":"9281c797f961c6e7d3abdd0abc150860d0a62598"}
,"C:\\Users\\wvd51\\Desktop\\ARA Final\\AnimalRescue\\app\\components\\Progress\\Progress.js": {"path":"C:\\Users\\wvd51\\Desktop\\ARA Final\\AnimalRescue\\app\\components\\Progress\\Progress.js","statementMap":{"0":{"start":{"line":1,"column":42},"end":{"line":1,"column":97}},"1":{"start":{"line":1,"column":128},"end":{"line":1,"column":184}},"2":{"start":{"line":1,"column":185},"end":{"line":1,"column":247}},"3":{"start":{"line":1,"column":247},"end":{"line":1,"column":272}},"4":{"start":{"line":1,"column":295},"end":{"line":1,"column":367}},"5":{"start":{"line":1,"column":388},"end":{"line":1,"column":457}},"6":{"start":{"line":1,"column":492},"end":{"line":1,"column":575}},"7":{"start":{"line":1,"column":599},"end":{"line":1,"column":671}},"8":{"start":{"line":1,"column":689},"end":{"line":1,"column":755}},"9":{"start":{"line":1,"column":769},"end":{"line":1,"column":810}},"10":{"start":{"line":2,"column":19},"end":{"line":2,"column":42}},"11":{"start":{"line":3,"column":14},"end":{"line":3,"column":57}},"12":{"start":{"line":4,"column":15},"end":{"line":4,"column":72}},"13":{"start":{"line":5,"column":15},"end":{"line":5,"column":45}},"14":{"start":{"line":5,"column":65},"end":{"line":5,"column":157}},"15":{"start":{"line":6,"column":11},"end":{"line":22,"column":45}},"16":{"start":{"line":6,"column":34},"end":{"line":6,"column":80}},"17":{"start":{"line":6,"column":101},"end":{"line":6,"column":147}},"18":{"start":{"line":6,"column":147},"end":{"line":6,"column":265}},"19":{"start":{"line":6,"column":266},"end":{"line":22,"column":10}},"20":{"start":{"line":8,"column":6},"end":{"line":19,"column":180}},"21":{"start":{"line":22,"column":10},"end":{"line":22,"column":26}},"22":{"start":{"line":22,"column":46},"end":{"line":22,"column":73}}},"fnMap":{"0":{"name":"(anonymous_0)","decl":{"start":{"line":6,"column":11},"end":{"line":6,"column":12}},"loc":{"start":{"line":6,"column":33},"end":{"line":22,"column":27}},"line":6},"1":{"name":"Pregress","decl":{"start":{"line":6,"column":89},"end":{"line":6,"column":97}},"loc":{"start":{"line":6,"column":100},"end":{"line":6,"column":266}},"line":6},"2":{"name":"render","decl":{"start":{"line":6,"column":337},"end":{"line":6,"column":343}},"loc":{"start":{"line":7,"column":4},"end":{"line":22,"column":5}},"line":7}},"branchMap":{},"s":{"0":1,"1":1,"2":1,"3":1,"4":1,"5":1,"6":1,"7":1,"8":1,"9":1,"10":1,"11":1,"12":1,"13":1,"14":1,"15":1,"16":1,"17":0,"18":0,"19":1,"20":0,"21":1,"22":1},"f":{"0":1,"1":0,"2":0},"b":{},"_coverageSchema":"43e27e138ebf9cfc5966b082cf9a028302ed4184","hash":"bffb319c5d8d3ee68edb27f06c318bf8b50456d4"}
,"C:\\Users\\wvd51\\Desktop\\ARA Final\\AnimalRescue\\app\\components\\Progress\\styles.js": {"path":"C:\\Users\\wvd51\\Desktop\\ARA Final\\AnimalRescue\\app\\components\\Progress\\styles.js","statementMap":{"0":{"start":{"line":1,"column":13},"end":{"line":1,"column":75}},"1":{"start":{"line":1,"column":75},"end":{"line":1,"column":100}},"2":{"start":{"line":1,"column":119},"end":{"line":1,"column":142}},"3":{"start":{"line":2,"column":14},"end":{"line":2,"column":44}},"4":{"start":{"line":4,"column":18},"end":{"line":4,"column":61}},"5":{"start":{"line":5,"column":19},"end":{"line":5,"column":63}},"6":{"start":{"line":7,"column":0},"end":{"line":29,"column":28}},"7":{"start":{"line":29,"column":29},"end":{"line":29,"column":56}}},"fnMap":{},"branchMap":{},"s":{"0":1,"1":1,"2":1,"3":1,"4":1,"5":1,"6":1,"7":1},"f":{},"b":{},"_coverageSchema":"43e27e138ebf9cfc5966b082cf9a028302ed4184","hash":"a5d2cd4869f718e06ce78ae3fe4ec3588ab58590"}
,"C:\\Users\\wvd51\\Desktop\\ARA Final\\AnimalRescue\\app\\components\\SearchAndFixLocation\\searchView.js": {"path":"C:\\Users\\wvd51\\Desktop\\ARA Final\\AnimalRescue\\app\\components\\SearchAndFixLocation\\searchView.js","statementMap":{"0":{"start":{"line":1,"column":42},"end":{"line":1,"column":97}},"1":{"start":{"line":1,"column":128},"end":{"line":1,"column":184}},"2":{"start":{"line":1,"column":185},"end":{"line":1,"column":247}},"3":{"start":{"line":1,"column":247},"end":{"line":1,"column":272}},"4":{"start":{"line":1,"column":295},"end":{"line":1,"column":367}},"5":{"start":{"line":1,"column":388},"end":{"line":1,"column":457}},"6":{"start":{"line":1,"column":492},"end":{"line":1,"column":575}},"7":{"start":{"line":1,"column":599},"end":{"line":1,"column":671}},"8":{"start":{"line":1,"column":689},"end":{"line":1,"column":755}},"9":{"start":{"line":1,"column":769},"end":{"line":1,"column":810}},"10":{"start":{"line":2,"column":43},"end":{"line":2,"column":93}},"11":{"start":{"line":3,"column":14},"end":{"line":3,"column":60}},"12":{"start":{"line":3,"column":80},"end":{"line":3,"column":186}},"13":{"start":{"line":5,"column":9},"end":{"line":58,"column":43}},"14":{"start":{"line":5,"column":32},"end":{"line":5,"column":76}},"15":{"start":{"line":7,"column":31},"end":{"line":7,"column":75}},"16":{"start":{"line":8,"column":4},"end":{"line":8,"column":109}},"17":{"start":{"line":9,"column":4},"end":{"line":10,"column":29}},"18":{"start":{"line":10,"column":29},"end":{"line":10,"column":42}},"19":{"start":{"line":12,"column":3},"end":{"line":58,"column":10}},"20":{"start":{"line":17,"column":6},"end":{"line":54,"column":82}},"21":{"start":{"line":26,"column":62},"end":{"line":26,"column":85}},"22":{"start":{"line":28,"column":55},"end":{"line":28,"column":65}},"23":{"start":{"line":58,"column":10},"end":{"line":58,"column":24}},"24":{"start":{"line":58,"column":44},"end":{"line":58,"column":69}}},"fnMap":{"0":{"name":"(anonymous_0)","decl":{"start":{"line":5,"column":9},"end":{"line":5,"column":10}},"loc":{"start":{"line":5,"column":31},"end":{"line":58,"column":25}},"line":5},"1":{"name":"Search","decl":{"start":{"line":7,"column":11},"end":{"line":7,"column":17}},"loc":{"start":{"line":7,"column":20},"end":{"line":12,"column":3}},"line":7},"2":{"name":"render","decl":{"start":{"line":12,"column":72},"end":{"line":12,"column":78}},"loc":{"start":{"line":14,"column":4},"end":{"line":58,"column":5}},"line":14},"3":{"name":"renderDescription","decl":{"start":{"line":26,"column":38},"end":{"line":26,"column":55}},"loc":{"start":{"line":26,"column":61},"end":{"line":26,"column":86}},"line":26},"4":{"name":"getDefaultValue","decl":{"start":{"line":28,"column":36},"end":{"line":28,"column":51}},"loc":{"start":{"line":28,"column":54},"end":{"line":28,"column":66}},"line":28}},"branchMap":{},"s":{"0":1,"1":1,"2":1,"3":1,"4":1,"5":1,"6":1,"7":1,"8":1,"9":1,"10":1,"11":1,"12":1,"13":1,"14":1,"15":0,"16":0,"17":0,"18":0,"19":1,"20":0,"21":0,"22":0,"23":1,"24":1},"f":{"0":1,"1":0,"2":0,"3":0,"4":0},"b":{},"_coverageSchema":"43e27e138ebf9cfc5966b082cf9a028302ed4184","hash":"b4ed5f0073057d8a91ed0d7d913a4163c75b56e6"}
,"C:\\Users\\wvd51\\Desktop\\ARA Final\\AnimalRescue\\app\\components\\SearchAndFixLocation\\styles.js": {"path":"C:\\Users\\wvd51\\Desktop\\ARA Final\\AnimalRescue\\app\\components\\SearchAndFixLocation\\styles.js","statementMap":{"0":{"start":{"line":1,"column":13},"end":{"line":1,"column":75}},"1":{"start":{"line":1,"column":75},"end":{"line":1,"column":100}},"2":{"start":{"line":1,"column":119},"end":{"line":1,"column":142}},"3":{"start":{"line":3,"column":0},"end":{"line":58,"column":19}},"4":{"start":{"line":58,"column":20},"end":{"line":58,"column":47}}},"fnMap":{},"branchMap":{},"s":{"0":1,"1":1,"2":1,"3":1,"4":1},"f":{},"b":{},"_coverageSchema":"43e27e138ebf9cfc5966b082cf9a028302ed4184","hash":"63d8a4fd10d7824a0a65aaf63cdf030aa371f338"}
,"C:\\Users\\wvd51\\Desktop\\ARA Final\\AnimalRescue\\app\\config\\firebaseConfig.js": {"path":"C:\\Users\\wvd51\\Desktop\\ARA Final\\AnimalRescue\\app\\config\\firebaseConfig.js","statementMap":{"0":{"start":{"line":1,"column":43},"end":{"line":1,"column":99}},"1":{"start":{"line":1,"column":100},"end":{"line":1,"column":162}},"2":{"start":{"line":1,"column":162},"end":{"line":1,"column":255}},"3":{"start":{"line":1,"column":270},"end":{"line":1,"column":314}},"4":{"start":{"line":2,"column":0},"end":{"line":2,"column":28}},"5":{"start":{"line":5,"column":21},"end":{"line":12,"column":48}},"6":{"start":{"line":15,"column":0},"end":{"line":15,"column":39}},"7":{"start":{"line":17,"column":8},"end":{"line":17,"column":16}},"8":{"start":{"line":17,"column":17},"end":{"line":17,"column":31}},"9":{"start":{"line":18,"column":15},"end":{"line":18,"column":34}},"10":{"start":{"line":18,"column":35},"end":{"line":18,"column":63}},"11":{"start":{"line":19,"column":11},"end":{"line":19,"column":26}},"12":{"start":{"line":19,"column":27},"end":{"line":19,"column":47}},"13":{"start":{"line":20,"column":14},"end":{"line":20,"column":32}},"14":{"start":{"line":20,"column":33},"end":{"line":20,"column":59}},"15":{"start":{"line":22,"column":18},"end":{"line":22,"column":92}},"16":{"start":{"line":22,"column":93},"end":{"line":22,"column":127}}},"fnMap":{},"branchMap":{},"s":{"0":2,"1":2,"2":2,"3":2,"4":2,"5":2,"6":2,"7":2,"8":2,"9":2,"10":2,"11":2,"12":2,"13":2,"14":2,"15":2,"16":2},"f":{},"b":{},"_coverageSchema":"43e27e138ebf9cfc5966b082cf9a028302ed4184","hash":"d47f3b5e33345a0713955ddb10d5382c8eaa2964"}
,"C:\\Users\\wvd51\\Desktop\\ARA Final\\AnimalRescue\\app\\config\\styles.js": {"path":"C:\\Users\\wvd51\\Desktop\\ARA Final\\AnimalRescue\\app\\config\\styles.js","statementMap":{"0":{"start":{"line":1,"column":13},"end":{"line":1,"column":75}},"1":{"start":{"line":1,"column":75},"end":{"line":1,"column":306}},"2":{"start":{"line":2,"column":20},"end":{"line":2,"column":29}},"3":{"start":{"line":2,"column":30},"end":{"line":2,"column":68}},"4":{"start":{"line":3,"column":22},"end":{"line":3,"column":31}},"5":{"start":{"line":3,"column":32},"end":{"line":3,"column":74}},"6":{"start":{"line":4,"column":17},"end":{"line":4,"column":26}},"7":{"start":{"line":4,"column":27},"end":{"line":4,"column":59}},"8":{"start":{"line":5,"column":18},"end":{"line":5,"column":27}},"9":{"start":{"line":5,"column":28},"end":{"line":5,"column":62}},"10":{"start":{"line":6,"column":18},"end":{"line":6,"column":27}},"11":{"start":{"line":6,"column":28},"end":{"line":6,"column":62}},"12":{"start":{"line":7,"column":18},"end":{"line":7,"column":27}},"13":{"start":{"line":7,"column":28},"end":{"line":7,"column":62}},"14":{"start":{"line":8,"column":17},"end":{"line":8,"column":26}},"15":{"start":{"line":8,"column":27},"end":{"line":8,"column":59}},"16":{"start":{"line":11,"column":18},"end":{"line":11,"column":36}},"17":{"start":{"line":11,"column":37},"end":{"line":11,"column":71}},"18":{"start":{"line":12,"column":16},"end":{"line":12,"column":31}},"19":{"start":{"line":12,"column":32},"end":{"line":12,"column":62}},"20":{"start":{"line":15,"column":20},"end":{"line":15,"column":21}},"21":{"start":{"line":15,"column":22},"end":{"line":15,"column":60}}},"fnMap":{},"branchMap":{},"s":{"0":2,"1":2,"2":2,"3":2,"4":2,"5":2,"6":2,"7":2,"8":2,"9":2,"10":2,"11":2,"12":2,"13":2,"14":2,"15":2,"16":2,"17":2,"18":2,"19":2,"20":2,"21":2},"f":{},"b":{},"_coverageSchema":"43e27e138ebf9cfc5966b082cf9a028302ed4184","hash":"7aa78eb77a5abe1ab866a1840b162de672212d32"}
,"C:\\Users\\wvd51\\Desktop\\ARA Final\\AnimalRescue\\app\\screens\\NewPostScreen\\NewPost.js": {"path":"C:\\Users\\wvd51\\Desktop\\ARA Final\\AnimalRescue\\app\\screens\\NewPostScreen\\NewPost.js","statementMap":{"0":{"start":{"line":1,"column":42},"end":{"line":1,"column":97}},"1":{"start":{"line":1,"column":128},"end":{"line":1,"column":184}},"2":{"start":{"line":1,"column":185},"end":{"line":1,"column":247}},"3":{"start":{"line":1,"column":247},"end":{"line":1,"column":272}},"4":{"start":{"line":1,"column":291},"end":{"line":1,"column":352}},"5":{"start":{"line":1,"column":376},"end":{"line":1,"column":448}},"6":{"start":{"line":1,"column":469},"end":{"line":1,"column":538}},"7":{"start":{"line":1,"column":573},"end":{"line":1,"column":656}},"8":{"start":{"line":1,"column":680},"end":{"line":1,"column":752}},"9":{"start":{"line":1,"column":783},"end":{"line":1,"column":862}},"10":{"start":{"line":1,"column":880},"end":{"line":1,"column":946}},"11":{"start":{"line":1,"column":960},"end":{"line":1,"column":1000}},"12":{"start":{"line":2,"column":19},"end":{"line":2,"column":42}},"13":{"start":{"line":3,"column":27},"end":{"line":3,"column":118}},"14":{"start":{"line":4,"column":32},"end":{"line":4,"column":70}},"15":{"start":{"line":5,"column":30},"end":{"line":5,"column":90}},"16":{"start":{"line":6,"column":18},"end":{"line":6,"column":104}},"17":{"start":{"line":7,"column":27},"end":{"line":7,"column":59}},"18":{"start":{"line":8,"column":23},"end":{"line":8,"column":76}},"19":{"start":{"line":9,"column":14},"end":{"line":9,"column":44}},"20":{"start":{"line":10,"column":13},"end":{"line":10,"column":55}},"21":{"start":{"line":11,"column":32},"end":{"line":11,"column":93}},"22":{"start":{"line":12,"column":30},"end":{"line":12,"column":89}},"23":{"start":{"line":13,"column":22},"end":{"line":13,"column":60}},"24":{"start":{"line":14,"column":16},"end":{"line":14,"column":85}},"25":{"start":{"line":15,"column":24},"end":{"line":15,"column":77}},"26":{"start":{"line":15,"column":97},"end":{"line":15,"column":190}},"27":{"start":{"line":17,"column":13},"end":{"line":17,"column":37}},"28":{"start":{"line":18,"column":14},"end":{"line":18,"column":86}},"29":{"start":{"line":19,"column":10},"end":{"line":522,"column":52}},"30":{"start":{"line":19,"column":39},"end":{"line":19,"column":90}},"31":{"start":{"line":21,"column":32},"end":{"line":21,"column":77}},"32":{"start":{"line":22,"column":4},"end":{"line":22,"column":110}},"33":{"start":{"line":22,"column":110},"end":{"line":79,"column":112}},"34":{"start":{"line":57,"column":44},"end":{"line":79,"column":110}},"35":{"start":{"line":57,"column":107},"end":{"line":79,"column":107}},"36":{"start":{"line":57,"column":118},"end":{"line":79,"column":106}},"37":{"start":{"line":58,"column":14},"end":{"line":58,"column":46}},"38":{"start":{"line":59,"column":14},"end":{"line":79,"column":64}},"39":{"start":{"line":61,"column":29},"end":{"line":65,"column":49}},"40":{"start":{"line":67,"column":16},"end":{"line":70,"column":58}},"41":{"start":{"line":72,"column":16},"end":{"line":76,"column":17}},"42":{"start":{"line":73,"column":18},"end":{"line":74,"column":44}},"43":{"start":{"line":79,"column":35},"end":{"line":79,"column":61}},"44":{"start":{"line":79,"column":82},"end":{"line":79,"column":105}},"45":{"start":{"line":79,"column":112},"end":{"line":122,"column":123}},"46":{"start":{"line":81,"column":73},"end":{"line":122,"column":121}},"47":{"start":{"line":81,"column":138},"end":{"line":122,"column":86}},"48":{"start":{"line":81,"column":149},"end":{"line":122,"column":85}},"49":{"start":{"line":81,"column":198},"end":{"line":81,"column":217}},"50":{"start":{"line":81,"column":217},"end":{"line":81,"column":236}},"51":{"start":{"line":81,"column":236},"end":{"line":92,"column":41}},"52":{"start":{"line":92,"column":48},"end":{"line":92,"column":73}},"53":{"start":{"line":95,"column":14},"end":{"line":99,"column":15}},"54":{"start":{"line":96,"column":16},"end":{"line":96,"column":54}},"55":{"start":{"line":98,"column":16},"end":{"line":98,"column":56}},"56":{"start":{"line":99,"column":15},"end":{"line":99,"column":35}},"57":{"start":{"line":99,"column":35},"end":{"line":99,"column":41}},"58":{"start":{"line":99,"column":48},"end":{"line":99,"column":67}},"59":{"start":{"line":99,"column":67},"end":{"line":99,"column":104}},"60":{"start":{"line":101,"column":14},"end":{"line":101,"column":41}},"61":{"start":{"line":101,"column":49},"end":{"line":101,"column":69}},"62":{"start":{"line":101,"column":69},"end":{"line":101,"column":89}},"63":{"start":{"line":101,"column":89},"end":{"line":113,"column":41}},"64":{"start":{"line":113,"column":49},"end":{"line":113,"column":75}},"65":{"start":{"line":116,"column":14},"end":{"line":120,"column":15}},"66":{"start":{"line":117,"column":16},"end":{"line":117,"column":54}},"67":{"start":{"line":119,"column":16},"end":{"line":119,"column":56}},"68":{"start":{"line":120,"column":15},"end":{"line":120,"column":35}},"69":{"start":{"line":120,"column":35},"end":{"line":120,"column":41}},"70":{"start":{"line":120,"column":49},"end":{"line":120,"column":69}},"71":{"start":{"line":120,"column":69},"end":{"line":120,"column":107}},"72":{"start":{"line":122,"column":14},"end":{"line":122,"column":41}},"73":{"start":{"line":122,"column":60},"end":{"line":122,"column":84}},"74":{"start":{"line":122,"column":123},"end":{"line":141,"column":6}},"75":{"start":{"line":127,"column":6},"end":{"line":139,"column":9}},"76":{"start":{"line":128,"column":8},"end":{"line":138,"column":9}},"77":{"start":{"line":129,"column":10},"end":{"line":129,"column":41}},"78":{"start":{"line":130,"column":15},"end":{"line":138,"column":9}},"79":{"start":{"line":131,"column":10},"end":{"line":131,"column":42}},"80":{"start":{"line":133,"column":10},"end":{"line":136,"column":33}},"81":{"start":{"line":141,"column":6},"end":{"line":158,"column":6}},"82":{"start":{"line":144,"column":6},"end":{"line":156,"column":9}},"83":{"start":{"line":145,"column":8},"end":{"line":155,"column":9}},"84":{"start":{"line":146,"column":10},"end":{"line":146,"column":41}},"85":{"start":{"line":147,"column":15},"end":{"line":155,"column":9}},"86":{"start":{"line":148,"column":10},"end":{"line":148,"column":42}},"87":{"start":{"line":150,"column":10},"end":{"line":153,"column":33}},"88":{"start":{"line":158,"column":6},"end":{"line":179,"column":6}},"89":{"start":{"line":161,"column":67},"end":{"line":161,"column":80}},"90":{"start":{"line":164,"column":6},"end":{"line":164,"column":23}},"91":{"start":{"line":164,"column":35},"end":{"line":164,"column":57}},"92":{"start":{"line":164,"column":70},"end":{"line":164,"column":92}},"93":{"start":{"line":165,"column":19},"end":{"line":169,"column":39}},"94":{"start":{"line":171,"column":6},"end":{"line":174,"column":26}},"95":{"start":{"line":178,"column":6},"end":{"line":178,"column":50}},"96":{"start":{"line":179,"column":6},"end":{"line":186,"column":6}},"97":{"start":{"line":182,"column":6},"end":{"line":185,"column":7}},"98":{"start":{"line":183,"column":8},"end":{"line":183,"column":81}},"99":{"start":{"line":186,"column":6},"end":{"line":193,"column":6}},"100":{"start":{"line":189,"column":6},"end":{"line":192,"column":7}},"101":{"start":{"line":190,"column":8},"end":{"line":190,"column":85}},"102":{"start":{"line":193,"column":6},"end":{"line":197,"column":6}},"103":{"start":{"line":196,"column":6},"end":{"line":196,"column":81}},"104":{"start":{"line":197,"column":6},"end":{"line":201,"column":6}},"105":{"start":{"line":200,"column":6},"end":{"line":200,"column":151}},"106":{"start":{"line":201,"column":6},"end":{"line":301,"column":67}},"107":{"start":{"line":203,"column":126},"end":{"line":301,"column":65}},"108":{"start":{"line":203,"column":191},"end":{"line":301,"column":62}},"109":{"start":{"line":203,"column":202},"end":{"line":301,"column":61}},"110":{"start":{"line":203,"column":251},"end":{"line":204,"column":75}},"111":{"start":{"line":204,"column":48},"end":{"line":204,"column":68}},"112":{"start":{"line":204,"column":68},"end":{"line":204,"column":74}},"113":{"start":{"line":205,"column":14},"end":{"line":205,"column":44}},"114":{"start":{"line":206,"column":14},"end":{"line":206,"column":65}},"115":{"start":{"line":207,"column":14},"end":{"line":207,"column":42}},"116":{"start":{"line":208,"column":14},"end":{"line":208,"column":37}},"117":{"start":{"line":209,"column":14},"end":{"line":209,"column":36}},"118":{"start":{"line":210,"column":14},"end":{"line":210,"column":48}},"119":{"start":{"line":211,"column":14},"end":{"line":211,"column":46}},"120":{"start":{"line":212,"column":14},"end":{"line":214,"column":35}},"121":{"start":{"line":214,"column":35},"end":{"line":214,"column":55}},"122":{"start":{"line":214,"column":55},"end":{"line":228,"column":18}},"123":{"start":{"line":217,"column":26},"end":{"line":217,"column":46}},"124":{"start":{"line":218,"column":16},"end":{"line":220,"column":18}},"125":{"start":{"line":219,"column":18},"end":{"line":219,"column":40}},"126":{"start":{"line":221,"column":16},"end":{"line":224,"column":18}},"127":{"start":{"line":222,"column":18},"end":{"line":222,"column":33}},"128":{"start":{"line":223,"column":18},"end":{"line":223,"column":66}},"129":{"start":{"line":225,"column":16},"end":{"line":225,"column":42}},"130":{"start":{"line":226,"column":16},"end":{"line":226,"column":43}},"131":{"start":{"line":227,"column":16},"end":{"line":227,"column":31}},"132":{"start":{"line":228,"column":26},"end":{"line":228,"column":48}},"133":{"start":{"line":229,"column":14},"end":{"line":229,"column":67}},"134":{"start":{"line":231,"column":14},"end":{"line":231,"column":127}},"135":{"start":{"line":233,"column":14},"end":{"line":252,"column":17}},"136":{"start":{"line":234,"column":31},"end":{"line":234,"column":97}},"137":{"start":{"line":235,"column":16},"end":{"line":236,"column":40}},"138":{"start":{"line":239,"column":16},"end":{"line":239,"column":35}},"139":{"start":{"line":242,"column":16},"end":{"line":243,"column":35}},"140":{"start":{"line":246,"column":16},"end":{"line":251,"column":19}},"141":{"start":{"line":247,"column":18},"end":{"line":247,"column":68}},"142":{"start":{"line":248,"column":18},"end":{"line":248,"column":43}},"143":{"start":{"line":250,"column":18},"end":{"line":250,"column":37}},"144":{"start":{"line":252,"column":17},"end":{"line":252,"column":37}},"145":{"start":{"line":252,"column":37},"end":{"line":252,"column":43}},"146":{"start":{"line":254,"column":14},"end":{"line":254,"column":44}},"147":{"start":{"line":255,"column":14},"end":{"line":255,"column":65}},"148":{"start":{"line":256,"column":14},"end":{"line":256,"column":42}},"149":{"start":{"line":257,"column":14},"end":{"line":257,"column":37}},"150":{"start":{"line":258,"column":14},"end":{"line":258,"column":36}},"151":{"start":{"line":259,"column":14},"end":{"line":259,"column":48}},"152":{"start":{"line":260,"column":14},"end":{"line":260,"column":46}},"153":{"start":{"line":261,"column":14},"end":{"line":263,"column":35}},"154":{"start":{"line":263,"column":35},"end":{"line":263,"column":55}},"155":{"start":{"line":263,"column":55},"end":{"line":277,"column":18}},"156":{"start":{"line":266,"column":26},"end":{"line":266,"column":46}},"157":{"start":{"line":267,"column":16},"end":{"line":269,"column":18}},"158":{"start":{"line":268,"column":18},"end":{"line":268,"column":40}},"159":{"start":{"line":270,"column":16},"end":{"line":273,"column":18}},"160":{"start":{"line":271,"column":18},"end":{"line":271,"column":33}},"161":{"start":{"line":272,"column":18},"end":{"line":272,"column":66}},"162":{"start":{"line":274,"column":16},"end":{"line":274,"column":42}},"163":{"start":{"line":275,"column":16},"end":{"line":275,"column":43}},"164":{"start":{"line":276,"column":16},"end":{"line":276,"column":31}},"165":{"start":{"line":277,"column":26},"end":{"line":277,"column":49}},"166":{"start":{"line":278,"column":14},"end":{"line":278,"column":67}},"167":{"start":{"line":280,"column":14},"end":{"line":280,"column":128}},"168":{"start":{"line":282,"column":14},"end":{"line":301,"column":17}},"169":{"start":{"line":283,"column":31},"end":{"line":283,"column":97}},"170":{"start":{"line":284,"column":16},"end":{"line":285,"column":40}},"171":{"start":{"line":288,"column":16},"end":{"line":288,"column":35}},"172":{"start":{"line":291,"column":16},"end":{"line":292,"column":35}},"173":{"start":{"line":295,"column":16},"end":{"line":300,"column":19}},"174":{"start":{"line":296,"column":18},"end":{"line":296,"column":68}},"175":{"start":{"line":297,"column":18},"end":{"line":297,"column":43}},"176":{"start":{"line":299,"column":18},"end":{"line":299,"column":37}},"177":{"start":{"line":301,"column":36},"end":{"line":301,"column":60}},"178":{"start":{"line":301,"column":67},"end":{"line":345,"column":120}},"179":{"start":{"line":305,"column":120},"end":{"line":345,"column":118}},"180":{"start":{"line":305,"column":185},"end":{"line":345,"column":115}},"181":{"start":{"line":305,"column":196},"end":{"line":345,"column":114}},"182":{"start":{"line":306,"column":14},"end":{"line":306,"column":28}},"183":{"start":{"line":307,"column":14},"end":{"line":307,"column":32}},"184":{"start":{"line":308,"column":14},"end":{"line":308,"column":42}},"185":{"start":{"line":309,"column":14},"end":{"line":309,"column":64}},"186":{"start":{"line":310,"column":14},"end":{"line":310,"column":47}},"187":{"start":{"line":311,"column":14},"end":{"line":321,"column":50}},"188":{"start":{"line":324,"column":14},"end":{"line":329,"column":50}},"189":{"start":{"line":332,"column":14},"end":{"line":332,"column":76}},"190":{"start":{"line":333,"column":14},"end":{"line":333,"column":97}},"191":{"start":{"line":334,"column":14},"end":{"line":343,"column":44}},"192":{"start":{"line":345,"column":14},"end":{"line":345,"column":70}},"193":{"start":{"line":345,"column":89},"end":{"line":345,"column":113}},"194":{"start":{"line":345,"column":120},"end":{"line":358,"column":6}},"195":{"start":{"line":350,"column":6},"end":{"line":357,"column":7}},"196":{"start":{"line":351,"column":8},"end":{"line":351,"column":82}},"197":{"start":{"line":352,"column":13},"end":{"line":357,"column":7}},"198":{"start":{"line":353,"column":8},"end":{"line":353,"column":85}},"199":{"start":{"line":355,"column":8},"end":{"line":355,"column":28}},"200":{"start":{"line":358,"column":6},"end":{"line":358,"column":414}},"201":{"start":{"line":358,"column":414},"end":{"line":358,"column":434}},"202":{"start":{"line":358,"column":434},"end":{"line":358,"column":474}},"203":{"start":{"line":358,"column":474},"end":{"line":358,"column":562}},"204":{"start":{"line":358,"column":562},"end":{"line":358,"column":575}},"205":{"start":{"line":358,"column":576},"end":{"line":522,"column":10}},"206":{"start":{"line":358,"column":679},"end":{"line":358,"column":745}},"207":{"start":{"line":361,"column":18},"end":{"line":361,"column":22}},"208":{"start":{"line":362,"column":6},"end":{"line":519,"column":7}},"209":{"start":{"line":363,"column":8},"end":{"line":364,"column":151}},"210":{"start":{"line":368,"column":22},"end":{"line":368,"column":40}},"211":{"start":{"line":369,"column":24},"end":{"line":369,"column":48}},"212":{"start":{"line":370,"column":8},"end":{"line":514,"column":195}},"213":{"start":{"line":372,"column":129},"end":{"line":372,"column":173}},"214":{"start":{"line":375,"column":124},"end":{"line":375,"column":151}},"215":{"start":{"line":385,"column":139},"end":{"line":385,"column":167}},"216":{"start":{"line":389,"column":139},"end":{"line":389,"column":167}},"217":{"start":{"line":397,"column":139},"end":{"line":397,"column":167}},"218":{"start":{"line":401,"column":139},"end":{"line":401,"column":167}},"219":{"start":{"line":413,"column":127},"end":{"line":413,"column":157}},"220":{"start":{"line":424,"column":38},"end":{"line":424,"column":61}},"221":{"start":{"line":425,"column":42},"end":{"line":428,"column":40}},"222":{"start":{"line":447,"column":134},"end":{"line":447,"column":157}},"223":{"start":{"line":453,"column":14},"end":{"line":453,"column":40}},"224":{"start":{"line":462,"column":14},"end":{"line":462,"column":40}},"225":{"start":{"line":478,"column":55},"end":{"line":478,"column":101}},"226":{"start":{"line":489,"column":55},"end":{"line":489,"column":101}},"227":{"start":{"line":501,"column":34},"end":{"line":501,"column":64}},"228":{"start":{"line":507,"column":14},"end":{"line":511,"column":15}},"229":{"start":{"line":508,"column":16},"end":{"line":509,"column":52}},"230":{"start":{"line":514,"column":102},"end":{"line":514,"column":133}},"231":{"start":{"line":522,"column":10},"end":{"line":522,"column":25}},"232":{"start":{"line":526,"column":0},"end":{"line":526,"column":7}},"233":{"start":{"line":526,"column":8},"end":{"line":526,"column":35}}},"fnMap":{"0":{"name":"(anonymous_0)","decl":{"start":{"line":19,"column":10},"end":{"line":19,"column":11}},"loc":{"start":{"line":19,"column":38},"end":{"line":522,"column":26}},"line":19},"1":{"name":"NewPost","decl":{"start":{"line":21,"column":11},"end":{"line":21,"column":18}},"loc":{"start":{"line":21,"column":21},"end":{"line":358,"column":576}},"line":21},"2":{"name":"_callee","decl":{"start":{"line":57,"column":33},"end":{"line":57,"column":40}},"loc":{"start":{"line":57,"column":43},"end":{"line":79,"column":111}},"line":57},"3":{"name":"_callee$","decl":{"start":{"line":57,"column":87},"end":{"line":57,"column":95}},"loc":{"start":{"line":57,"column":106},"end":{"line":79,"column":108}},"line":57},"4":{"name":"(anonymous_4)","decl":{"start":{"line":59,"column":66},"end":{"line":59,"column":67}},"loc":{"start":{"line":59,"column":86},"end":{"line":79,"column":15}},"line":59},"5":{"name":"(anonymous_5)","decl":{"start":{"line":79,"column":17},"end":{"line":79,"column":18}},"loc":{"start":{"line":79,"column":34},"end":{"line":79,"column":62}},"line":79},"6":{"name":"_callee2","decl":{"start":{"line":81,"column":39},"end":{"line":81,"column":47}},"loc":{"start":{"line":81,"column":50},"end":{"line":122,"column":122}},"line":81},"7":{"name":"_callee2$","decl":{"start":{"line":81,"column":116},"end":{"line":81,"column":125}},"loc":{"start":{"line":81,"column":137},"end":{"line":122,"column":87}},"line":81},"8":{"name":"(anonymous_8)","decl":{"start":{"line":126,"column":18},"end":{"line":126,"column":19}},"loc":{"start":{"line":126,"column":30},"end":{"line":141,"column":5}},"line":126},"9":{"name":"(anonymous_9)","decl":{"start":{"line":127,"column":133},"end":{"line":127,"column":134}},"loc":{"start":{"line":127,"column":148},"end":{"line":139,"column":7}},"line":127},"10":{"name":"(anonymous_10)","decl":{"start":{"line":143,"column":18},"end":{"line":143,"column":19}},"loc":{"start":{"line":143,"column":30},"end":{"line":158,"column":5}},"line":143},"11":{"name":"(anonymous_11)","decl":{"start":{"line":144,"column":134},"end":{"line":144,"column":135}},"loc":{"start":{"line":144,"column":149},"end":{"line":156,"column":7}},"line":144},"12":{"name":"(anonymous_12)","decl":{"start":{"line":161,"column":29},"end":{"line":161,"column":30}},"loc":{"start":{"line":161,"column":51},"end":{"line":179,"column":5}},"line":161},"13":{"name":"(anonymous_13)","decl":{"start":{"line":181,"column":17},"end":{"line":181,"column":18}},"loc":{"start":{"line":181,"column":29},"end":{"line":186,"column":5}},"line":181},"14":{"name":"(anonymous_14)","decl":{"start":{"line":188,"column":20},"end":{"line":188,"column":21}},"loc":{"start":{"line":188,"column":32},"end":{"line":193,"column":5}},"line":188},"15":{"name":"(anonymous_15)","decl":{"start":{"line":195,"column":9},"end":{"line":195,"column":10}},"loc":{"start":{"line":195,"column":21},"end":{"line":197,"column":5}},"line":195},"16":{"name":"(anonymous_16)","decl":{"start":{"line":199,"column":15},"end":{"line":199,"column":16}},"loc":{"start":{"line":199,"column":27},"end":{"line":201,"column":5}},"line":199},"17":{"name":"_callee3","decl":{"start":{"line":203,"column":27},"end":{"line":203,"column":35}},"loc":{"start":{"line":203,"column":38},"end":{"line":301,"column":66}},"line":203},"18":{"name":"_callee3$","decl":{"start":{"line":203,"column":169},"end":{"line":203,"column":178}},"loc":{"start":{"line":203,"column":190},"end":{"line":301,"column":63}},"line":203},"19":{"name":"(anonymous_19)","decl":{"start":{"line":216,"column":26},"end":{"line":216,"column":27}},"loc":{"start":{"line":216,"column":53},"end":{"line":228,"column":15}},"line":216},"20":{"name":"(anonymous_20)","decl":{"start":{"line":218,"column":29},"end":{"line":218,"column":30}},"loc":{"start":{"line":218,"column":41},"end":{"line":220,"column":17}},"line":218},"21":{"name":"(anonymous_21)","decl":{"start":{"line":221,"column":30},"end":{"line":221,"column":31}},"loc":{"start":{"line":221,"column":43},"end":{"line":224,"column":17}},"line":221},"22":{"name":"(anonymous_22)","decl":{"start":{"line":233,"column":45},"end":{"line":233,"column":46}},"loc":{"start":{"line":233,"column":65},"end":{"line":238,"column":15}},"line":233},"23":{"name":"(anonymous_23)","decl":{"start":{"line":238,"column":17},"end":{"line":238,"column":18}},"loc":{"start":{"line":238,"column":34},"end":{"line":241,"column":15}},"line":238},"24":{"name":"(anonymous_24)","decl":{"start":{"line":241,"column":17},"end":{"line":241,"column":18}},"loc":{"start":{"line":241,"column":29},"end":{"line":252,"column":15}},"line":241},"25":{"name":"(anonymous_25)","decl":{"start":{"line":246,"column":62},"end":{"line":246,"column":63}},"loc":{"start":{"line":246,"column":85},"end":{"line":249,"column":17}},"line":246},"26":{"name":"(anonymous_26)","decl":{"start":{"line":249,"column":19},"end":{"line":249,"column":20}},"loc":{"start":{"line":249,"column":36},"end":{"line":251,"column":17}},"line":249},"27":{"name":"(anonymous_27)","decl":{"start":{"line":265,"column":26},"end":{"line":265,"column":27}},"loc":{"start":{"line":265,"column":53},"end":{"line":277,"column":15}},"line":265},"28":{"name":"(anonymous_28)","decl":{"start":{"line":267,"column":29},"end":{"line":267,"column":30}},"loc":{"start":{"line":267,"column":41},"end":{"line":269,"column":17}},"line":267},"29":{"name":"(anonymous_29)","decl":{"start":{"line":270,"column":30},"end":{"line":270,"column":31}},"loc":{"start":{"line":270,"column":43},"end":{"line":273,"column":17}},"line":270},"30":{"name":"(anonymous_30)","decl":{"start":{"line":282,"column":45},"end":{"line":282,"column":46}},"loc":{"start":{"line":282,"column":65},"end":{"line":287,"column":15}},"line":282},"31":{"name":"(anonymous_31)","decl":{"start":{"line":287,"column":17},"end":{"line":287,"column":18}},"loc":{"start":{"line":287,"column":34},"end":{"line":290,"column":15}},"line":287},"32":{"name":"(anonymous_32)","decl":{"start":{"line":290,"column":17},"end":{"line":290,"column":18}},"loc":{"start":{"line":290,"column":29},"end":{"line":301,"column":15}},"line":290},"33":{"name":"(anonymous_33)","decl":{"start":{"line":295,"column":62},"end":{"line":295,"column":63}},"loc":{"start":{"line":295,"column":85},"end":{"line":298,"column":17}},"line":295},"34":{"name":"(anonymous_34)","decl":{"start":{"line":298,"column":19},"end":{"line":298,"column":20}},"loc":{"start":{"line":298,"column":36},"end":{"line":300,"column":17}},"line":298},"35":{"name":"_callee4","decl":{"start":{"line":305,"column":26},"end":{"line":305,"column":34}},"loc":{"start":{"line":305,"column":66},"end":{"line":345,"column":119}},"line":305},"36":{"name":"_callee4$","decl":{"start":{"line":305,"column":163},"end":{"line":305,"column":172}},"loc":{"start":{"line":305,"column":184},"end":{"line":345,"column":116}},"line":305},"37":{"name":"(anonymous_37)","decl":{"start":{"line":349,"column":13},"end":{"line":349,"column":14}},"loc":{"start":{"line":349,"column":25},"end":{"line":358,"column":5}},"line":349},"38":{"name":"updateIndex","decl":{"start":{"line":358,"column":651},"end":{"line":358,"column":662}},"loc":{"start":{"line":358,"column":678},"end":{"line":358,"column":746}},"line":358},"39":{"name":"render","decl":{"start":{"line":358,"column":783},"end":{"line":358,"column":789}},"loc":{"start":{"line":361,"column":4},"end":{"line":522,"column":5}},"line":361},"40":{"name":"drawer","decl":{"start":{"line":372,"column":119},"end":{"line":372,"column":125}},"loc":{"start":{"line":372,"column":128},"end":{"line":372,"column":174}},"line":372},"41":{"name":"onNext","decl":{"start":{"line":375,"column":114},"end":{"line":375,"column":120}},"loc":{"start":{"line":375,"column":123},"end":{"line":375,"column":152}},"line":375},"42":{"name":"onPress","decl":{"start":{"line":385,"column":128},"end":{"line":385,"column":135}},"loc":{"start":{"line":385,"column":138},"end":{"line":385,"column":168}},"line":385},"43":{"name":"onPress","decl":{"start":{"line":389,"column":128},"end":{"line":389,"column":135}},"loc":{"start":{"line":389,"column":138},"end":{"line":389,"column":168}},"line":389},"44":{"name":"onPress","decl":{"start":{"line":397,"column":128},"end":{"line":397,"column":135}},"loc":{"start":{"line":397,"column":138},"end":{"line":397,"column":168}},"line":397},"45":{"name":"onPress","decl":{"start":{"line":401,"column":128},"end":{"line":401,"column":135}},"loc":{"start":{"line":401,"column":138},"end":{"line":401,"column":168}},"line":401},"46":{"name":"onNext","decl":{"start":{"line":413,"column":117},"end":{"line":413,"column":123}},"loc":{"start":{"line":413,"column":126},"end":{"line":413,"column":158}},"line":413},"47":{"name":"ref","decl":{"start":{"line":424,"column":26},"end":{"line":424,"column":29}},"loc":{"start":{"line":424,"column":37},"end":{"line":424,"column":62}},"line":424},"48":{"name":"onPress","decl":{"start":{"line":425,"column":30},"end":{"line":425,"column":37}},"loc":{"start":{"line":425,"column":41},"end":{"line":428,"column":41}},"line":425},"49":{"name":"onSubmit","decl":{"start":{"line":447,"column":122},"end":{"line":447,"column":130}},"loc":{"start":{"line":447,"column":133},"end":{"line":447,"column":158}},"line":447},"50":{"name":"onPress","decl":{"start":{"line":452,"column":30},"end":{"line":452,"column":37}},"loc":{"start":{"line":452,"column":40},"end":{"line":454,"column":13}},"line":452},"51":{"name":"onPress","decl":{"start":{"line":461,"column":30},"end":{"line":461,"column":37}},"loc":{"start":{"line":461,"column":40},"end":{"line":463,"column":13}},"line":461},"52":{"name":"onChangeText","decl":{"start":{"line":478,"column":35},"end":{"line":478,"column":47}},"loc":{"start":{"line":478,"column":54},"end":{"line":478,"column":102}},"line":478},"53":{"name":"onChangeText","decl":{"start":{"line":489,"column":35},"end":{"line":489,"column":47}},"loc":{"start":{"line":489,"column":54},"end":{"line":489,"column":102}},"line":489},"54":{"name":"ref","decl":{"start":{"line":501,"column":26},"end":{"line":501,"column":29}},"loc":{"start":{"line":501,"column":33},"end":{"line":501,"column":65}},"line":501},"55":{"name":"onPress","decl":{"start":{"line":506,"column":30},"end":{"line":506,"column":37}},"loc":{"start":{"line":506,"column":45},"end":{"line":512,"column":13}},"line":506},"56":{"name":"ref","decl":{"start":{"line":514,"column":90},"end":{"line":514,"column":93}},"loc":{"start":{"line":514,"column":101},"end":{"line":514,"column":134}},"line":514}},"branchMap":{"0":{"loc":{"start":{"line":57,"column":118},"end":{"line":79,"column":106}},"type":"switch","locations":[{"start":{"line":57,"column":158},"end":{"line":79,"column":64}},{"start":{"line":79,"column":64},"end":{"line":79,"column":71}},{"start":{"line":79,"column":71},"end":{"line":79,"column":105}}],"line":57},"1":{"loc":{"start":{"line":72,"column":16},"end":{"line":76,"column":17}},"type":"if","locations":[{"start":{"line":72,"column":16},"end":{"line":76,"column":17}},{"start":{"line":72,"column":16},"end":{"line":76,"column":17}}],"line":72},"2":{"loc":{"start":{"line":72,"column":20},"end":{"line":72,"column":81}},"type":"binary-expr","locations":[{"start":{"line":72,"column":20},"end":{"line":72,"column":49}},{"start":{"line":72,"column":53},"end":{"line":72,"column":81}}],"line":72},"3":{"loc":{"start":{"line":81,"column":149},"end":{"line":122,"column":85}},"type":"switch","locations":[{"start":{"line":81,"column":191},"end":{"line":92,"column":41}},{"start":{"line":92,"column":41},"end":{"line":99,"column":41}},{"start":{"line":99,"column":41},"end":{"line":101,"column":41}},{"start":{"line":101,"column":41},"end":{"line":113,"column":41}},{"start":{"line":113,"column":41},"end":{"line":120,"column":41}},{"start":{"line":120,"column":41},"end":{"line":122,"column":41}},{"start":{"line":122,"column":41},"end":{"line":122,"column":49}},{"start":{"line":122,"column":49},"end":{"line":122,"column":84}}],"line":81},"4":{"loc":{"start":{"line":95,"column":14},"end":{"line":99,"column":15}},"type":"if","locations":[{"start":{"line":95,"column":14},"end":{"line":99,"column":15}},{"start":{"line":95,"column":14},"end":{"line":99,"column":15}}],"line":95},"5":{"loc":{"start":{"line":116,"column":14},"end":{"line":120,"column":15}},"type":"if","locations":[{"start":{"line":116,"column":14},"end":{"line":120,"column":15}},{"start":{"line":116,"column":14},"end":{"line":120,"column":15}}],"line":116},"6":{"loc":{"start":{"line":128,"column":8},"end":{"line":138,"column":9}},"type":"if","locations":[{"start":{"line":128,"column":8},"end":{"line":138,"column":9}},{"start":{"line":128,"column":8},"end":{"line":138,"column":9}}],"line":128},"7":{"loc":{"start":{"line":130,"column":15},"end":{"line":138,"column":9}},"type":"if","locations":[{"start":{"line":130,"column":15},"end":{"line":138,"column":9}},{"start":{"line":130,"column":15},"end":{"line":138,"column":9}}],"line":130},"8":{"loc":{"start":{"line":145,"column":8},"end":{"line":155,"column":9}},"type":"if","locations":[{"start":{"line":145,"column":8},"end":{"line":155,"column":9}},{"start":{"line":145,"column":8},"end":{"line":155,"column":9}}],"line":145},"9":{"loc":{"start":{"line":147,"column":15},"end":{"line":155,"column":9}},"type":"if","locations":[{"start":{"line":147,"column":15},"end":{"line":155,"column":9}},{"start":{"line":147,"column":15},"end":{"line":155,"column":9}}],"line":147},"10":{"loc":{"start":{"line":182,"column":6},"end":{"line":185,"column":7}},"type":"if","locations":[{"start":{"line":182,"column":6},"end":{"line":185,"column":7}},{"start":{"line":182,"column":6},"end":{"line":185,"column":7}}],"line":182},"11":{"loc":{"start":{"line":189,"column":6},"end":{"line":192,"column":7}},"type":"if","locations":[{"start":{"line":189,"column":6},"end":{"line":192,"column":7}},{"start":{"line":189,"column":6},"end":{"line":192,"column":7}}],"line":189},"12":{"loc":{"start":{"line":189,"column":10},"end":{"line":189,"column":71}},"type":"binary-expr","locations":[{"start":{"line":189,"column":10},"end":{"line":189,"column":39}},{"start":{"line":189,"column":43},"end":{"line":189,"column":71}}],"line":189},"13":{"loc":{"start":{"line":203,"column":202},"end":{"line":301,"column":61}},"type":"switch","locations":[{"start":{"line":203,"column":244},"end":{"line":228,"column":18}},{"start":{"line":228,"column":18},"end":{"line":252,"column":43}},{"start":{"line":252,"column":43},"end":{"line":277,"column":18}},{"start":{"line":277,"column":18},"end":{"line":301,"column":17}},{"start":{"line":301,"column":17},"end":{"line":301,"column":25}},{"start":{"line":301,"column":25},"end":{"line":301,"column":60}}],"line":203},"14":{"loc":{"start":{"line":203,"column":251},"end":{"line":204,"column":75}},"type":"if","locations":[{"start":{"line":203,"column":251},"end":{"line":204,"column":75}},{"start":{"line":203,"column":251},"end":{"line":204,"column":75}}],"line":203},"15":{"loc":{"start":{"line":305,"column":196},"end":{"line":345,"column":114}},"type":"switch","locations":[{"start":{"line":305,"column":238},"end":{"line":345,"column":70}},{"start":{"line":345,"column":70},"end":{"line":345,"column":78}},{"start":{"line":345,"column":78},"end":{"line":345,"column":113}}],"line":305},"16":{"loc":{"start":{"line":350,"column":6},"end":{"line":357,"column":7}},"type":"if","locations":[{"start":{"line":350,"column":6},"end":{"line":357,"column":7}},{"start":{"line":350,"column":6},"end":{"line":357,"column":7}}],"line":350},"17":{"loc":{"start":{"line":352,"column":13},"end":{"line":357,"column":7}},"type":"if","locations":[{"start":{"line":352,"column":13},"end":{"line":357,"column":7}},{"start":{"line":352,"column":13},"end":{"line":357,"column":7}}],"line":352},"18":{"loc":{"start":{"line":362,"column":6},"end":{"line":519,"column":7}},"type":"if","locations":[{"start":{"line":362,"column":6},"end":{"line":519,"column":7}},{"start":{"line":362,"column":6},"end":{"line":519,"column":7}}],"line":362},"19":{"loc":{"start":{"line":383,"column":10},"end":{"line":402,"column":201}},"type":"cond-expr","locations":[{"start":{"line":384,"column":10},"end":{"line":390,"column":135}},{"start":{"line":396,"column":10},"end":{"line":402,"column":201}}],"line":383},"20":{"loc":{"start":{"line":384,"column":10},"end":{"line":390,"column":135}},"type":"cond-expr","locations":[{"start":{"line":385,"column":10},"end":{"line":386,"column":136}},{"start":{"line":389,"column":10},"end":{"line":390,"column":135}}],"line":384},"21":{"loc":{"start":{"line":396,"column":10},"end":{"line":402,"column":201}},"type":"cond-expr","locations":[{"start":{"line":397,"column":10},"end":{"line":398,"column":201}},{"start":{"line":401,"column":10},"end":{"line":402,"column":201}}],"line":396},"22":{"loc":{"start":{"line":431,"column":10},"end":{"line":441,"column":116}},"type":"cond-expr","locations":[{"start":{"line":432,"column":10},"end":{"line":437,"column":97}},{"start":{"line":441,"column":10},"end":{"line":441,"column":116}}],"line":431},"23":{"loc":{"start":{"line":431,"column":10},"end":{"line":431,"column":68}},"type":"binary-expr","locations":[{"start":{"line":431,"column":10},"end":{"line":431,"column":37}},{"start":{"line":431,"column":41},"end":{"line":431,"column":68}}],"line":431},"24":{"loc":{"start":{"line":449,"column":10},"end":{"line":465,"column":36}},"type":"cond-expr","locations":[{"start":{"line":450,"column":10},"end":{"line":454,"column":107}},{"start":{"line":459,"column":10},"end":{"line":465,"column":36}}],"line":449},"25":{"loc":{"start":{"line":469,"column":10},"end":{"line":489,"column":160}},"type":"cond-expr","locations":[{"start":{"line":470,"column":10},"end":{"line":478,"column":160}},{"start":{"line":481,"column":10},"end":{"line":489,"column":160}}],"line":469},"26":{"loc":{"start":{"line":507,"column":14},"end":{"line":511,"column":15}},"type":"if","locations":[{"start":{"line":507,"column":14},"end":{"line":511,"column":15}},{"start":{"line":507,"column":14},"end":{"line":511,"column":15}}],"line":507}},"s":{"0":1,"1":1,"2":1,"3":1,"4":1,"5":1,"6":1,"7":1,"8":1,"9":1,"10":1,"11":1,"12":1,"13":1,"14":1,"15":1,"16":1,"17":1,"18":1,"19":1,"20":1,"21":1,"22":1,"23":1,"24":1,"25":1,"26":1,"27":1,"28":1,"29":1,"30":1,"31":1,"32":1,"33":1,"34":0,"35":0,"36":0,"37":0,"38":0,"39":0,"40":0,"41":0,"42":0,"43":0,"44":0,"45":1,"46":0,"47":0,"48":0,"49":0,"50":0,"51":0,"52":0,"53":0,"54":0,"55":0,"56":0,"57":0,"58":0,"59":0,"60":0,"61":0,"62":0,"63":0,"64":0,"65":0,"66":0,"67":0,"68":0,"69":0,"70":0,"71":0,"72":0,"73":0,"74":1,"75":0,"76":0,"77":0,"78":0,"79":0,"80":0,"81":1,"82":0,"83":0,"84":0,"85":0,"86":0,"87":0,"88":1,"89":0,"90":0,"91":0,"92":0,"93":0,"94":0,"95":0,"96":1,"97":0,"98":0,"99":1,"100":0,"101":0,"102":1,"103":8,"104":1,"105":1,"106":1,"107":0,"108":0,"109":0,"110":0,"111":0,"112":0,"113":0,"114":0,"115":0,"116":0,"117":0,"118":0,"119":0,"120":0,"121":0,"122":0,"123":0,"124":0,"125":0,"126":0,"127":0,"128":0,"129":0,"130":0,"131":0,"132":0,"133":0,"134":0,"135":0,"136":0,"137":0,"138":0,"139":0,"140":0,"141":0,"142":0,"143":0,"144":0,"145":0,"146":0,"147":0,"148":0,"149":0,"150":0,"151":0,"152":0,"153":0,"154":0,"155":0,"156":0,"157":0,"158":0,"159":0,"160":0,"161":0,"162":0,"163":0,"164":0,"165":0,"166":0,"167":0,"168":0,"169":0,"170":0,"171":0,"172":0,"173":0,"174":0,"175":0,"176":0,"177":0,"178":1,"179":0,"180":0,"181":0,"182":0,"183":0,"184":0,"185":0,"186":0,"187":0,"188":0,"189":0,"190":0,"191":0,"192":0,"193":0,"194":1,"195":0,"196":0,"197":0,"198":0,"199":0,"200":1,"201":1,"202":1,"203":1,"204":1,"205":1,"206":0,"207":1,"208":1,"209":0,"210":1,"211":1,"212":1,"213":0,"214":0,"215":0,"216":0,"217":0,"218":0,"219":0,"220":0,"221":0,"222":0,"223":0,"224":0,"225":0,"226":0,"227":0,"228":0,"229":0,"230":0,"231":1,"232":1,"233":1},"f":{"0":1,"1":1,"2":0,"3":0,"4":0,"5":0,"6":0,"7":0,"8":0,"9":0,"10":0,"11":0,"12":0,"13":0,"14":0,"15":8,"16":1,"17":0,"18":0,"19":0,"20":0,"21":0,"22":0,"23":0,"24":0,"25":0,"26":0,"27":0,"28":0,"29":0,"30":0,"31":0,"32":0,"33":0,"34":0,"35":0,"36":0,"37":0,"38":0,"39":1,"40":0,"41":0,"42":0,"43":0,"44":0,"45":0,"46":0,"47":0,"48":0,"49":0,"50":0,"51":0,"52":0,"53":0,"54":0,"55":0,"56":0},"b":{"0":[0,0,0],"1":[0,0],"2":[0,0],"3":[0,0,0,0,0,0,0,0],"4":[0,0],"5":[0,0],"6":[0,0],"7":[0,0],"8":[0,0],"9":[0,0],"10":[0,0],"11":[0,0],"12":[0,0],"13":[0,0,0,0,0,0],"14":[0,0],"15":[0,0,0],"16":[0,0],"17":[0,0],"18":[0,1],"19":[1,0],"20":[1,0],"21":[0,0],"22":[0,1],"23":[1,0],"24":[1,0],"25":[1,0],"26":[0,0]},"_coverageSchema":"43e27e138ebf9cfc5966b082cf9a028302ed4184","hash":"50ebeee43abb5ebb4b7d8b4571a4e34a66f91bb9"}
,"C:\\Users\\wvd51\\Desktop\\ARA Final\\AnimalRescue\\app\\screens\\NewPostScreen\\style.js": {"path":"C:\\Users\\wvd51\\Desktop\\ARA Final\\AnimalRescue\\app\\screens\\NewPostScreen\\style.js","statementMap":{"0":{"start":{"line":1,"column":13},"end":{"line":1,"column":75}},"1":{"start":{"line":1,"column":75},"end":{"line":1,"column":100}},"2":{"start":{"line":1,"column":119},"end":{"line":1,"column":142}},"3":{"start":{"line":2,"column":14},"end":{"line":2,"column":44}},"4":{"start":{"line":4,"column":18},"end":{"line":4,"column":61}},"5":{"start":{"line":5,"column":19},"end":{"line":5,"column":63}},"6":{"start":{"line":7,"column":0},"end":{"line":105,"column":23}},"7":{"start":{"line":105,"column":24},"end":{"line":105,"column":51}}},"fnMap":{},"branchMap":{},"s":{"0":1,"1":1,"2":1,"3":1,"4":1,"5":1,"6":1,"7":1},"f":{},"b":{},"_coverageSchema":"43e27e138ebf9cfc5966b082cf9a028302ed4184","hash":"e883e087f88737fcfff9edb618f3d90bac8be5f5"}
,"C:\\Users\\wvd51\\Desktop\\ARA Final\\AnimalRescue\\app\\screens\\PostScreen\\Post.js": {"path":"C:\\Users\\wvd51\\Desktop\\ARA Final\\AnimalRescue\\app\\screens\\PostScreen\\Post.js","statementMap":{"0":{"start":{"line":1,"column":42},"end":{"line":1,"column":97}},"1":{"start":{"line":1,"column":128},"end":{"line":1,"column":184}},"2":{"start":{"line":1,"column":185},"end":{"line":1,"column":247}},"3":{"start":{"line":1,"column":247},"end":{"line":1,"column":272}},"4":{"start":{"line":1,"column":291},"end":{"line":1,"column":352}},"5":{"start":{"line":1,"column":376},"end":{"line":1,"column":448}},"6":{"start":{"line":1,"column":469},"end":{"line":1,"column":538}},"7":{"start":{"line":1,"column":573},"end":{"line":1,"column":656}},"8":{"start":{"line":1,"column":680},"end":{"line":1,"column":752}},"9":{"start":{"line":1,"column":783},"end":{"line":1,"column":862}},"10":{"start":{"line":1,"column":880},"end":{"line":1,"column":946}},"11":{"start":{"line":1,"column":960},"end":{"line":1,"column":1001}},"12":{"start":{"line":2,"column":19},"end":{"line":2,"column":42}},"13":{"start":{"line":15,"column":32},"end":{"line":15,"column":133}},"14":{"start":{"line":16,"column":13},"end":{"line":16,"column":55}},"15":{"start":{"line":17,"column":23},"end":{"line":17,"column":76}},"16":{"start":{"line":18,"column":40},"end":{"line":18,"column":113}},"17":{"start":{"line":19,"column":19},"end":{"line":19,"column":91}},"18":{"start":{"line":20,"column":17},"end":{"line":20,"column":76}},"19":{"start":{"line":21,"column":33},"end":{"line":21,"column":96}},"20":{"start":{"line":22,"column":22},"end":{"line":22,"column":60}},"21":{"start":{"line":23,"column":14},"end":{"line":23,"column":44}},"22":{"start":{"line":24,"column":24},"end":{"line":24,"column":77}},"23":{"start":{"line":25,"column":30},"end":{"line":25,"column":90}},"24":{"start":{"line":25,"column":110},"end":{"line":25,"column":197}},"25":{"start":{"line":26,"column":7},"end":{"line":914,"column":41}},"26":{"start":{"line":26,"column":30},"end":{"line":26,"column":72}},"27":{"start":{"line":28,"column":34},"end":{"line":28,"column":76}},"28":{"start":{"line":29,"column":4},"end":{"line":29,"column":114}},"29":{"start":{"line":29,"column":114},"end":{"line":204,"column":114}},"30":{"start":{"line":50,"column":69},"end":{"line":204,"column":112}},"31":{"start":{"line":50,"column":132},"end":{"line":204,"column":109}},"32":{"start":{"line":50,"column":143},"end":{"line":204,"column":108}},"33":{"start":{"line":51,"column":14},"end":{"line":51,"column":59}},"34":{"start":{"line":52,"column":14},"end":{"line":52,"column":34}},"35":{"start":{"line":53,"column":14},"end":{"line":203,"column":15}},"36":{"start":{"line":55,"column":16},"end":{"line":55,"column":67}},"37":{"start":{"line":57,"column":16},"end":{"line":57,"column":66}},"38":{"start":{"line":58,"column":16},"end":{"line":202,"column":19}},"39":{"start":{"line":59,"column":30},"end":{"line":59,"column":52}},"40":{"start":{"line":61,"column":18},"end":{"line":196,"column":19}},"41":{"start":{"line":62,"column":31},"end":{"line":62,"column":45}},"42":{"start":{"line":63,"column":32},"end":{"line":63,"column":42}},"43":{"start":{"line":64,"column":32},"end":{"line":64,"column":33}},"44":{"start":{"line":65,"column":20},"end":{"line":73,"column":21}},"45":{"start":{"line":66,"column":22},"end":{"line":66,"column":41}},"46":{"start":{"line":67,"column":22},"end":{"line":72,"column":23}},"47":{"start":{"line":68,"column":24},"end":{"line":69,"column":41}},"48":{"start":{"line":71,"column":24},"end":{"line":71,"column":35}},"49":{"start":{"line":74,"column":20},"end":{"line":78,"column":21}},"50":{"start":{"line":75,"column":22},"end":{"line":76,"column":40}},"51":{"start":{"line":79,"column":20},"end":{"line":79,"column":38}},"52":{"start":{"line":80,"column":33},"end":{"line":84,"column":53}},"53":{"start":{"line":86,"column":20},"end":{"line":98,"column":45}},"54":{"start":{"line":102,"column":20},"end":{"line":134,"column":21}},"55":{"start":{"line":103,"column":22},"end":{"line":124,"column":78}},"56":{"start":{"line":104,"column":36},"end":{"line":104,"column":58}},"57":{"start":{"line":105,"column":24},"end":{"line":123,"column":25}},"58":{"start":{"line":106,"column":26},"end":{"line":106,"column":49}},"59":{"start":{"line":107,"column":26},"end":{"line":119,"column":29}},"60":{"start":{"line":108,"column":42},"end":{"line":108,"column":64}},"61":{"start":{"line":109,"column":28},"end":{"line":117,"column":29}},"62":{"start":{"line":110,"column":41},"end":{"line":110,"column":55}},"63":{"start":{"line":111,"column":30},"end":{"line":114,"column":55}},"64":{"start":{"line":120,"column":26},"end":{"line":121,"column":48}},"65":{"start":{"line":124,"column":49},"end":{"line":124,"column":75}},"66":{"start":{"line":125,"column":22},"end":{"line":133,"column":78}},"67":{"start":{"line":126,"column":36},"end":{"line":126,"column":58}},"68":{"start":{"line":127,"column":24},"end":{"line":132,"column":25}},"69":{"start":{"line":128,"column":26},"end":{"line":128,"column":49}},"70":{"start":{"line":129,"column":26},"end":{"line":130,"column":52}},"71":{"start":{"line":133,"column":49},"end":{"line":133,"column":75}},"72":{"start":{"line":136,"column":20},"end":{"line":180,"column":21}},"73":{"start":{"line":137,"column":22},"end":{"line":161,"column":78}},"74":{"start":{"line":138,"column":36},"end":{"line":138,"column":58}},"75":{"start":{"line":139,"column":24},"end":{"line":160,"column":25}},"76":{"start":{"line":140,"column":26},"end":{"line":140,"column":49}},"77":{"start":{"line":141,"column":26},"end":{"line":156,"column":29}},"78":{"start":{"line":142,"column":42},"end":{"line":142,"column":64}},"79":{"start":{"line":143,"column":28},"end":{"line":154,"column":29}},"80":{"start":{"line":144,"column":41},"end":{"line":144,"column":55}},"81":{"start":{"line":145,"column":30},"end":{"line":151,"column":73}},"82":{"start":{"line":157,"column":26},"end":{"line":158,"column":58}},"83":{"start":{"line":161,"column":49},"end":{"line":161,"column":75}},"84":{"start":{"line":182,"column":36},"end":{"line":182,"column":51}},"85":{"start":{"line":183,"column":20},"end":{"line":195,"column":23}},"86":{"start":{"line":184,"column":36},"end":{"line":184,"column":58}},"87":{"start":{"line":185,"column":22},"end":{"line":193,"column":23}},"88":{"start":{"line":186,"column":35},"end":{"line":186,"column":49}},"89":{"start":{"line":187,"column":24},"end":{"line":191,"column":44}},"90":{"start":{"line":201,"column":18},"end":{"line":201,"column":70}},"91":{"start":{"line":204,"column":14},"end":{"line":204,"column":66}},"92":{"start":{"line":204,"column":84},"end":{"line":204,"column":107}},"93":{"start":{"line":204,"column":114},"end":{"line":221,"column":6}},"94":{"start":{"line":213,"column":16},"end":{"line":213,"column":161}},"95":{"start":{"line":214,"column":6},"end":{"line":220,"column":81}},"96":{"start":{"line":215,"column":8},"end":{"line":219,"column":9}},"97":{"start":{"line":216,"column":10},"end":{"line":216,"column":51}},"98":{"start":{"line":218,"column":10},"end":{"line":218,"column":51}},"99":{"start":{"line":220,"column":31},"end":{"line":220,"column":78}},"100":{"start":{"line":221,"column":6},"end":{"line":227,"column":6}},"101":{"start":{"line":223,"column":6},"end":{"line":223,"column":39}},"102":{"start":{"line":224,"column":6},"end":{"line":225,"column":30}},"103":{"start":{"line":227,"column":6},"end":{"line":259,"column":6}},"104":{"start":{"line":230,"column":14},"end":{"line":230,"column":40}},"105":{"start":{"line":231,"column":20},"end":{"line":231,"column":55}},"106":{"start":{"line":233,"column":21},"end":{"line":233,"column":51}},"107":{"start":{"line":234,"column":6},"end":{"line":236,"column":7}},"108":{"start":{"line":235,"column":8},"end":{"line":235,"column":63}},"109":{"start":{"line":238,"column":21},"end":{"line":238,"column":50}},"110":{"start":{"line":239,"column":6},"end":{"line":241,"column":7}},"111":{"start":{"line":240,"column":8},"end":{"line":240,"column":64}},"112":{"start":{"line":243,"column":21},"end":{"line":243,"column":48}},"113":{"start":{"line":244,"column":6},"end":{"line":246,"column":7}},"114":{"start":{"line":245,"column":8},"end":{"line":245,"column":62}},"115":{"start":{"line":248,"column":21},"end":{"line":248,"column":47}},"116":{"start":{"line":249,"column":6},"end":{"line":251,"column":7}},"117":{"start":{"line":250,"column":8},"end":{"line":250,"column":63}},"118":{"start":{"line":253,"column":21},"end":{"line":253,"column":45}},"119":{"start":{"line":254,"column":6},"end":{"line":256,"column":7}},"120":{"start":{"line":255,"column":8},"end":{"line":255,"column":65}},"121":{"start":{"line":258,"column":6},"end":{"line":258,"column":73}},"122":{"start":{"line":259,"column":6},"end":{"line":266,"column":6}},"123":{"start":{"line":261,"column":6},"end":{"line":265,"column":7}},"124":{"start":{"line":262,"column":8},"end":{"line":262,"column":22}},"125":{"start":{"line":264,"column":8},"end":{"line":264,"column":23}},"126":{"start":{"line":266,"column":6},"end":{"line":344,"column":6}},"127":{"start":{"line":268,"column":6},"end":{"line":343,"column":7}},"128":{"start":{"line":269,"column":21},"end":{"line":269,"column":61}},"129":{"start":{"line":270,"column":18},"end":{"line":270,"column":19}},"130":{"start":{"line":271,"column":8},"end":{"line":273,"column":22}},"131":{"start":{"line":275,"column":8},"end":{"line":275,"column":90}},"132":{"start":{"line":277,"column":19},"end":{"line":277,"column":62}},"133":{"start":{"line":278,"column":8},"end":{"line":312,"column":9}},"134":{"start":{"line":279,"column":10},"end":{"line":311,"column":13}},"135":{"start":{"line":280,"column":26},"end":{"line":280,"column":48}},"136":{"start":{"line":281,"column":12},"end":{"line":310,"column":13}},"137":{"start":{"line":282,"column":25},"end":{"line":282,"column":39}},"138":{"start":{"line":283,"column":26},"end":{"line":283,"column":36}},"139":{"start":{"line":284,"column":25},"end":{"line":284,"column":35}},"140":{"start":{"line":285,"column":27},"end":{"line":285,"column":50}},"141":{"start":{"line":286,"column":14},"end":{"line":293,"column":28}},"142":{"start":{"line":295,"column":14},"end":{"line":295,"column":120}},"143":{"start":{"line":297,"column":25},"end":{"line":297,"column":35}},"144":{"start":{"line":298,"column":27},"end":{"line":298,"column":50}},"145":{"start":{"line":299,"column":14},"end":{"line":306,"column":28}},"146":{"start":{"line":308,"column":14},"end":{"line":308,"column":40}},"147":{"start":{"line":309,"column":14},"end":{"line":309,"column":120}},"148":{"start":{"line":314,"column":21},"end":{"line":314,"column":61}},"149":{"start":{"line":315,"column":8},"end":{"line":315,"column":86}},"150":{"start":{"line":316,"column":19},"end":{"line":316,"column":62}},"151":{"start":{"line":317,"column":8},"end":{"line":342,"column":9}},"152":{"start":{"line":318,"column":10},"end":{"line":341,"column":13}},"153":{"start":{"line":319,"column":26},"end":{"line":319,"column":48}},"154":{"start":{"line":320,"column":12},"end":{"line":340,"column":13}},"155":{"start":{"line":321,"column":25},"end":{"line":321,"column":39}},"156":{"start":{"line":322,"column":26},"end":{"line":322,"column":36}},"157":{"start":{"line":323,"column":25},"end":{"line":323,"column":35}},"158":{"start":{"line
[...]
mn":44},"end":{"line":582,"column":65}},"loc":{"start":{"line":582,"column":68},"end":{"line":592,"column":138}},"line":582},"49":{"name":"ref","decl":{"start":{"line":585,"column":32},"end":{"line":585,"column":35}},"loc":{"start":{"line":585,"column":50},"end":{"line":587,"column":19}},"line":585},"50":{"name":"onPress","decl":{"start":{"line":590,"column":115},"end":{"line":590,"column":122}},"loc":{"start":{"line":590,"column":125},"end":{"line":590,"column":167}},"line":590},"51":{"name":"onHide","decl":{"start":{"line":602,"column":29},"end":{"line":602,"column":35}},"loc":{"start":{"line":602,"column":38},"end":{"line":602,"column":63}},"line":602},"52":{"name":"onDisplay","decl":{"start":{"line":603,"column":32},"end":{"line":603,"column":41}},"loc":{"start":{"line":603,"column":44},"end":{"line":603,"column":86}},"line":603},"53":{"name":"onPress","decl":{"start":{"line":654,"column":95},"end":{"line":654,"column":102}},"loc":{"start":{"line":654,"column":105},"end":{"line":654,"column":131}},"line":654},"54":{"name":"onPress","decl":{"start":{"line":694,"column":147},"end":{"line":694,"column":154}},"loc":{"start":{"line":694,"column":157},"end":{"line":694,"column":198}},"line":694},"55":{"name":"onPress","decl":{"start":{"line":698,"column":147},"end":{"line":698,"column":154}},"loc":{"start":{"line":698,"column":157},"end":{"line":698,"column":198}},"line":698},"56":{"name":"onPress","decl":{"start":{"line":709,"column":149},"end":{"line":709,"column":156}},"loc":{"start":{"line":709,"column":159},"end":{"line":709,"column":213}},"line":709},"57":{"name":"onPress","decl":{"start":{"line":739,"column":125},"end":{"line":739,"column":132}},"loc":{"start":{"line":739,"column":135},"end":{"line":751,"column":41}},"line":739},"58":{"name":"onPress","decl":{"start":{"line":746,"column":36},"end":{"line":746,"column":43}},"loc":{"start":{"line":746,"column":46},"end":{"line":746,"column":79}},"line":746},"59":{"name":"onPress","decl":{"start":{"line":749,"column":48},"end":{"line":749,"column":55}},"loc":{"start":{"line":749,"column":58},"end":{"line":749,"column":102}},"line":749},"60":{"name":"onPress","decl":{"start":{"line":794,"column":125},"end":{"line":794,"column":132}},"loc":{"start":{"line":794,"column":135},"end":{"line":806,"column":41}},"line":794},"61":{"name":"onPress","decl":{"start":{"line":801,"column":36},"end":{"line":801,"column":43}},"loc":{"start":{"line":801,"column":46},"end":{"line":801,"column":79}},"line":801},"62":{"name":"onPress","decl":{"start":{"line":804,"column":48},"end":{"line":804,"column":55}},"loc":{"start":{"line":804,"column":58},"end":{"line":804,"column":102}},"line":804},"63":{"name":"onPress","decl":{"start":{"line":826,"column":125},"end":{"line":826,"column":132}},"loc":{"start":{"line":826,"column":135},"end":{"line":826,"column":165}},"line":826},"64":{"name":"onPress","decl":{"start":{"line":859,"column":128},"end":{"line":859,"column":135}},"loc":{"start":{"line":859,"column":138},"end":{"line":859,"column":168}},"line":859},"65":{"name":"onPress","decl":{"start":{"line":863,"column":128},"end":{"line":863,"column":135}},"loc":{"start":{"line":863,"column":138},"end":{"line":863,"column":168}},"line":863},"66":{"name":"onChangeText","decl":{"start":{"line":878,"column":35},"end":{"line":878,"column":47}},"loc":{"start":{"line":878,"column":54},"end":{"line":878,"column":107}},"line":878},"67":{"name":"onChangeText","decl":{"start":{"line":888,"column":35},"end":{"line":888,"column":47}},"loc":{"start":{"line":888,"column":54},"end":{"line":888,"column":107}},"line":888},"68":{"name":"onPress","decl":{"start":{"line":894,"column":125},"end":{"line":894,"column":132}},"loc":{"start":{"line":894,"column":135},"end":{"line":894,"column":165}},"line":894}},"branchMap":{"0":{"loc":{"start":{"line":50,"column":143},"end":{"line":204,"column":108}},"type":"switch","locations":[{"start":{"line":50,"column":183},"end":{"line":204,"column":66}},{"start":{"line":204,"column":66},"end":{"line":204,"column":73}},{"start":{"line":204,"column":73},"end":{"line":204,"column":107}}],"line":50},"1":{"loc":{"start":{"line":53,"column":14},"end":{"line":203,"column":15}},"type":"if","locations":[{"start":{"line":53,"column":14},"end":{"line":203,"column":15}},{"start":{"line":53,"column":14},"end":{"line":203,"column":15}}],"line":53},"2":{"loc":{"start":{"line":61,"column":18},"end":{"line":196,"column":19}},"type":"if","locations":[{"start":{"line":61,"column":18},"end":{"line":196,"column":19}},{"start":{"line":61,"column":18},"end":{"line":196,"column":19}}],"line":61},"3":{"loc":{"start":{"line":67,"column":22},"end":{"line":72,"column":23}},"type":"if","locations":[{"start":{"line":67,"column":22},"end":{"line":72,"column":23}},{"start":{"line":67,"column":22},"end":{"line":72,"column":23}}],"line":67},"4":{"loc":{"start":{"line":74,"column":20},"end":{"line":78,"column":21}},"type":"if","locations":[{"start":{"line":74,"column":20},"end":{"line":78,"column":21}},{"start":{"line":74,"column":20},"end":{"line":78,"column":21}}],"line":74},"5":{"loc":{"start":{"line":102,"column":20},"end":{"line":134,"column":21}},"type":"if","locations":[{"start":{"line":102,"column":20},"end":{"line":134,"column":21}},{"start":{"line":102,"column":20},"end":{"line":134,"column":21}}],"line":102},"6":{"loc":{"start":{"line":105,"column":24},"end":{"line":123,"column":25}},"type":"if","locations":[{"start":{"line":105,"column":24},"end":{"line":123,"column":25}},{"start":{"line":105,"column":24},"end":{"line":123,"column":25}}],"line":105},"7":{"loc":{"start":{"line":109,"column":28},"end":{"line":117,"column":29}},"type":"if","locations":[{"start":{"line":109,"column":28},"end":{"line":117,"column":29}},{"start":{"line":109,"column":28},"end":{"line":117,"column":29}}],"line":109},"8":{"loc":{"start":{"line":127,"column":24},"end":{"line":132,"column":25}},"type":"if","locations":[{"start":{"line":127,"column":24},"end":{"line":132,"column":25}},{"start":{"line":127,"column":24},"end":{"line":132,"column":25}}],"line":127},"9":{"loc":{"start":{"line":136,"column":20},"end":{"line":180,"column":21}},"type":"if","locations":[{"start":{"line":136,"column":20},"end":{"line":180,"column":21}},{"start":{"line":136,"column":20},"end":{"line":180,"column":21}}],"line":136},"10":{"loc":{"start":{"line":139,"column":24},"end":{"line":160,"column":25}},"type":"if","locations":[{"start":{"line":139,"column":24},"end":{"line":160,"column":25}},{"start":{"line":139,"column":24},"end":{"line":160,"column":25}}],"line":139},"11":{"loc":{"start":{"line":143,"column":28},"end":{"line":154,"column":29}},"type":"if","locations":[{"start":{"line":143,"column":28},"end":{"line":154,"column":29}},{"start":{"line":143,"column":28},"end":{"line":154,"column":29}}],"line":143},"12":{"loc":{"start":{"line":185,"column":22},"end":{"line":193,"column":23}},"type":"if","locations":[{"start":{"line":185,"column":22},"end":{"line":193,"column":23}},{"start":{"line":185,"column":22},"end":{"line":193,"column":23}}],"line":185},"13":{"loc":{"start":{"line":215,"column":8},"end":{"line":219,"column":9}},"type":"if","locations":[{"start":{"line":215,"column":8},"end":{"line":219,"column":9}},{"start":{"line":215,"column":8},"end":{"line":219,"column":9}}],"line":215},"14":{"loc":{"start":{"line":234,"column":6},"end":{"line":236,"column":7}},"type":"if","locations":[{"start":{"line":234,"column":6},"end":{"line":236,"column":7}},{"start":{"line":234,"column":6},"end":{"line":236,"column":7}}],"line":234},"15":{"loc":{"start":{"line":239,"column":6},"end":{"line":241,"column":7}},"type":"if","locations":[{"start":{"line":239,"column":6},"end":{"line":241,"column":7}},{"start":{"line":239,"column":6},"end":{"line":241,"column":7}}],"line":239},"16":{"loc":{"start":{"line":244,"column":6},"end":{"line":246,"column":7}},"type":"if","locations":[{"start":{"line":244,"column":6},"end":{"line":246,"column":7}},{"start":{"line":244,"column":6},"end":{"line":246,"column":7}}],"line":244},"17":{"loc":{"start":{"line":249,"column":6},"end":{"line":251,"column":7}},"type":"if","locations":[{"start":{"line":249,"column":6},"end":{"line":251,"column":7}},{"start":{"line":249,"column":6},"end":{"line":251,"column":7}}],"line":249},"18":{"loc":{"start":{"line":254,"column":6},"end":{"line":256,"column":7}},"type":"if","locations":[{"start":{"line":254,"column":6},"end":{"line":256,"column":7}},{"start":{"line":254,"column":6},"end":{"line":256,"column":7}}],"line":254},"19":{"loc":{"start":{"line":261,"column":6},"end":{"line":265,"column":7}},"type":"if","locations":[{"start":{"line":261,"column":6},"end":{"line":265,"column":7}},{"start":{"line":261,"column":6},"end":{"line":265,"column":7}}],"line":261},"20":{"loc":{"start":{"line":268,"column":6},"end":{"line":343,"column":7}},"type":"if","locations":[{"start":{"line":268,"column":6},"end":{"line":343,"column":7}},{"start":{"line":268,"column":6},"end":{"line":343,"column":7}}],"line":268},"21":{"loc":{"start":{"line":278,"column":8},"end":{"line":312,"column":9}},"type":"if","locations":[{"start":{"line":278,"column":8},"end":{"line":312,"column":9}},{"start":{"line":278,"column":8},"end":{"line":312,"column":9}}],"line":278},"22":{"loc":{"start":{"line":281,"column":12},"end":{"line":310,"column":13}},"type":"if","locations":[{"start":{"line":281,"column":12},"end":{"line":310,"column":13}},{"start":{"line":281,"column":12},"end":{"line":310,"column":13}}],"line":281},"23":{"loc":{"start":{"line":317,"column":8},"end":{"line":342,"column":9}},"type":"if","locations":[{"start":{"line":317,"column":8},"end":{"line":342,"column":9}},{"start":{"line":317,"column":8},"end":{"line":342,"column":9}}],"line":317},"24":{"loc":{"start":{"line":320,"column":12},"end":{"line":340,"column":13}},"type":"if","locations":[{"start":{"line":320,"column":12},"end":{"line":340,"column":13}},{"start":{"line":320,"column":12},"end":{"line":340,"column":13}}],"line":320},"25":{"loc":{"start":{"line":325,"column":14},"end":{"line":338,"column":15}},"type":"if","locations":[{"start":{"line":325,"column":14},"end":{"line":338,"column":15}},{"start":{"line":325,"column":14},"end":{"line":338,"column":15}}],"line":325},"26":{"loc":{"start":{"line":353,"column":174},"end":{"line":399,"column":61}},"type":"switch","locations":[{"start":{"line":353,"column":216},"end":{"line":375,"column":18}},{"start":{"line":375,"column":18},"end":{"line":399,"column":17}},{"start":{"line":399,"column":17},"end":{"line":399,"column":25}},{"start":{"line":399,"column":25},"end":{"line":399,"column":60}}],"line":353},"27":{"loc":{"start":{"line":456,"column":8},"end":{"line":464,"column":9}},"type":"if","locations":[{"start":{"line":456,"column":8},"end":{"line":464,"column":9}},{"start":{"line":456,"column":8},"end":{"line":464,"column":9}}],"line":456},"28":{"loc":{"start":{"line":458,"column":15},"end":{"line":464,"column":9}},"type":"if","locations":[{"start":{"line":458,"column":15},"end":{"line":464,"column":9}},{"start":{"line":458,"column":15},"end":{"line":464,"column":9}}],"line":458},"29":{"loc":{"start":{"line":518,"column":6},"end":{"line":912,"column":7}},"type":"if","locations":[{"start":{"line":518,"column":6},"end":{"line":912,"column":7}},{"start":{"line":518,"column":6},"end":{"line":912,"column":7}}],"line":518},"30":{"loc":{"start":{"line":529,"column":13},"end":{"line":912,"column":7}},"type":"if","locations":[{"start":{"line":529,"column":13},"end":{"line":912,"column":7}},{"start":{"line":529,"column":13},"end":{"line":912,"column":7}}],"line":529},"31":{"loc":{"start":{"line":536,"column":14},"end":{"line":538,"column":15}},"type":"if","locations":[{"start":{"line":536,"column":14},"end":{"line":538,"column":15}},{"start":{"line":536,"column":14},"end":{"line":538,"column":15}}],"line":536},"32":{"loc":{"start":{"line":546,"column":14},"end":{"line":577,"column":15}},"type":"if","locations":[{"start":{"line":546,"column":14},"end":{"line":577,"column":15}},{"start":{"line":546,"column":14},"end":{"line":577,"column":15}}],"line":546},"33":{"loc":{"start":{"line":589,"column":16},"end":{"line":592,"column":134}},"type":"cond-expr","locations":[{"start":{"line":590,"column":16},"end":{"line":590,"column":225}},{"start":{"line":592,"column":16},"end":{"line":592,"column":134}}],"line":589},"34":{"loc":{"start":{"line":634,"column":10},"end":{"line":647,"column":116}},"type":"cond-expr","locations":[{"start":{"line":635,"column":10},"end":{"line":642,"column":97}},{"start":{"line":647,"column":10},"end":{"line":647,"column":116}}],"line":634},"35":{"loc":{"start":{"line":634,"column":10},"end":{"line":634,"column":68}},"type":"binary-expr","locations":[{"start":{"line":634,"column":10},"end":{"line":634,"column":37}},{"start":{"line":634,"column":41},"end":{"line":634,"column":68}}],"line":634},"36":{"loc":{"start":{"line":693,"column":10},"end":{"line":699,"column":163}},"type":"cond-expr","locations":[{"start":{"line":694,"column":10},"end":{"line":695,"column":145}},{"start":{"line":698,"column":10},"end":{"line":699,"column":163}}],"line":693},"37":{"loc":{"start":{"line":737,"column":10},"end":{"line":849,"column":215}},"type":"cond-expr","locations":[{"start":{"line":738,"column":10},"end":{"line":785,"column":215}},{"start":{"line":793,"column":10},"end":{"line":849,"column":215}}],"line":737},"38":{"loc":{"start":{"line":738,"column":10},"end":{"line":785,"column":215}},"type":"cond-expr","locations":[{"start":{"line":739,"column":10},"end":{"line":754,"column":166}},{"start":{"line":757,"column":10},"end":{"line":785,"column":215}}],"line":738},"39":{"loc":{"start":{"line":757,"column":10},"end":{"line":785,"column":215}},"type":"cond-expr","locations":[{"start":{"line":758,"column":10},"end":{"line":767,"column":56}},{"start":{"line":771,"column":10},"end":{"line":785,"column":215}}],"line":757},"40":{"loc":{"start":{"line":793,"column":10},"end":{"line":849,"column":215}},"type":"cond-expr","locations":[{"start":{"line":794,"column":10},"end":{"line":809,"column":173}},{"start":{"line":812,"column":10},"end":{"line":849,"column":215}}],"line":793},"41":{"loc":{"start":{"line":812,"column":10},"end":{"line":849,"column":215}},"type":"cond-expr","locations":[{"start":{"line":813,"column":10},"end":{"line":831,"column":117}},{"start":{"line":835,"column":10},"end":{"line":849,"column":215}}],"line":812},"42":{"loc":{"start":{"line":825,"column":10},"end":{"line":831,"column":116}},"type":"cond-expr","locations":[{"start":{"line":826,"column":10},"end":{"line":827,"column":180}},{"start":{"line":831,"column":10},"end":{"line":831,"column":116}}],"line":825},"43":{"loc":{"start":{"line":825,"column":10},"end":{"line":825,"column":103}},"type":"binary-expr","locations":[{"start":{"line":825,"column":10},"end":{"line":825,"column":74}},{"start":{"line":825,"column":78},"end":{"line":825,"column":103}}],"line":825},"44":{"loc":{"start":{"line":856,"column":10},"end":{"line":899,"column":116}},"type":"cond-expr","locations":[{"start":{"line":857,"column":10},"end":{"line":895,"column":183}},{"start":{"line":899,"column":10},"end":{"line":899,"column":116}}],"line":856},"45":{"loc":{"start":{"line":858,"column":10},"end":{"line":864,"column":201}},"type":"cond-expr","locations":[{"start":{"line":859,"column":10},"end":{"line":860,"column":136}},{"start":{"line":863,"column":10},"end":{"line":864,"column":201}}],"line":858},"46":{"loc":{"start":{"line":869,"column":10},"end":{"line":888,"column":165}},"type":"cond-expr","locations":[{"start":{"line":870,"column":10},"end":{"line":878,"column":165}},{"start":{"line":881,"column":10},"end":{"line":888,"column":165}}],"line":869}},"s":{"0":1,"1":1,"2":1,"3":1,"4":1,"5":1,"6":1,"7":1,"8":1,"9":1,"10":1,"11":1,"12":1,"13":1,"14":1,"15":1,"16":1,"17":1,"18":1,"19":1,"20":1,"21":1,"22":1,"23":1,"24":1,"25":1,"26":1,"27":1,"28":1,"29":1,"30":0,"31":0,"32":0,"33":0,"34":0,"35":0,"36":0,"37":0,"38":0,"39":0,"40":0,"41":0,"42":0,"43":0,"44":0,"45":0,"46":0,"47":0,"48":0,"49":0,"50":0,"51":0,"52":0,"53":0,"54":0,"55":0,"56":0,"57":0,"58":0,"59":0,"60":0,"61":0,"62":0,"63":0,"64":0,"65":0,"66":0,"67":0,"68":0,"69":0,"70":0,"71":0,"72":0,"73":0,"74":0,"75":0,"76":0,"77":0,"78":0,"79":0,"80":0,"81":0,"82":0,"83":0,"84":0,"85":0,"86":0,"87":0,"88":0,"89":0,"90":0,"91":0,"92":0,"93":1,"94":0,"95":0,"96":0,"97":0,"98":0,"99":0,"100":1,"101":0,"102":0,"103":1,"104":0,"105":0,"106":0,"107":0,"108":0,"109":0,"110":0,"111":0,"112":0,"113":0,"114":0,"115":0,"116":0,"117":0,"118":0,"119":0,"120":0,"121":0,"122":1,"123":0,"124":0,"125":0,"126":1,"127":0,"128":0,"129":0,"130":0,"131":0,"132":0,"133":0,"134":0,"135":0,"136":0,"137":0,"138":0,"139":0,"140":0,"141":0,"142":0,"143":0,"144":0,"145":0,"146":0,"147":0,"148":0,"149":0,"150":0,"151":0,"152":0,"153":0,"154":0,"155":0,"156":0,"157":0,"158":0,"159":0,"160":0,"161":0,"162":0,"163":1,"164":0,"165":1,"166":0,"167":1,"168":0,"169":0,"170":0,"171":0,"172":0,"173":0,"174":0,"175":0,"176":0,"177":0,"178":0,"179":0,"180":0,"181":0,"182":0,"183":0,"184":0,"185":0,"186":0,"187":0,"188":0,"189":0,"190":0,"191":0,"192":0,"193":0,"194":0,"195":0,"196":0,"197":0,"198":0,"199":0,"200":0,"201":1,"202":0,"203":0,"204":0,"205":0,"206":0,"207":0,"208":0,"209":0,"210":0,"211":0,"212":0,"213":0,"214":0,"215":0,"216":0,"217":1,"218":0,"219":0,"220":0,"221":0,"222":0,"223":1,"224":0,"225":1,"226":0,"227":0,"228":0,"229":0,"230":0,"231":0,"232":1,"233":0,"234":0,"235":0,"236":0,"237":0,"238":0,"239":0,"240":0,"241":0,"242":0,"243":0,"244":0,"245":0,"246":0,"247":0,"248":0,"249":0,"250":0,"251":1,"252":0,"253":0,"254":0,"255":1,"256":0,"257":0,"258":0,"259":0,"260":0,"261":0,"262":0,"263":0,"264":0,"265":0,"266":0,"267":0,"268":0,"269":0,"270":0,"271":0,"272":0,"273":0,"274":0,"275":0,"276":0,"277":0,"278":0,"279":0,"280":0,"281":0,"282":0,"283":0,"284":0,"285":0,"286":0,"287":0,"288":0,"289":0,"290":0,"291":0,"292":0,"293":1,"294":1},"f":{"0":1,"1":1,"2":0,"3":0,"4":0,"5":0,"6":0,"7":0,"8":0,"9":0,"10":0,"11":0,"12":0,"13":0,"14":0,"15":0,"16":0,"17":0,"18":0,"19":0,"20":0,"21":0,"22":0,"23":0,"24":0,"25":0,"26":0,"27":0,"28":0,"29":0,"30":0,"31":0,"32":0,"33":0,"34":0,"35":0,"36":0,"37":0,"38":0,"39":0,"40":0,"41":0,"42":0,"43":0,"44":0,"45":0,"46":0,"47":0,"48":0,"49":0,"50":0,"51":0,"52":0,"53":0,"54":0,"55":0,"56":0,"57":0,"58":0,"59":0,"60":0,"61":0,"62":0,"63":0,"64":0,"65":0,"66":0,"67":0,"68":0},"b":{"0":[0,0,0],"1":[0,0],"2":[0,0],"3":[0,0],"4":[0,0],"5":[0,0],"6":[0,0],"7":[0,0],"8":[0,0],"9":[0,0],"10":[0,0],"11":[0,0],"12":[0,0],"13":[0,0],"14":[0,0],"15":[0,0],"16":[0,0],"17":[0,0],"18":[0,0],"19":[0,0],"20":[0,0],"21":[0,0],"22":[0,0],"23":[0,0],"24":[0,0],"25":[0,0],"26":[0,0,0,0],"27":[0,0],"28":[0,0],"29":[0,0],"30":[0,0],"31":[0,0],"32":[0,0],"33":[0,0],"34":[0,0],"35":[0,0],"36":[0,0],"37":[0,0],"38":[0,0],"39":[0,0],"40":[0,0],"41":[0,0],"42":[0,0],"43":[0,0],"44":[0,0],"45":[0,0],"46":[0,0]},"_coverageSchema":"43e27e138ebf9cfc5966b082cf9a028302ed4184","hash":"09988f59e5bea3001fc358d0fdec0ebbdbe93b6b"}
,"C:\\Users\\wvd51\\Desktop\\ARA Final\\AnimalRescue\\app\\screens\\PostScreen\\style.js": {"path":"C:\\Users\\wvd51\\Desktop\\ARA Final\\AnimalRescue\\app\\screens\\PostScreen\\style.js","statementMap":{"0":{"start":{"line":1,"column":13},"end":{"line":1,"column":75}},"1":{"start":{"line":1,"column":75},"end":{"line":1,"column":100}},"2":{"start":{"line":1,"column":119},"end":{"line":1,"column":142}},"3":{"start":{"line":2,"column":14},"end":{"line":2,"column":44}},"4":{"start":{"line":4,"column":18},"end":{"line":4,"column":61}},"5":{"start":{"line":5,"column":19},"end":{"line":5,"column":63}},"6":{"start":{"line":7,"column":0},"end":{"line":188,"column":29}},"7":{"start":{"line":188,"column":30},"end":{"line":188,"column":57}}},"fnMap":{},"branchMap":{},"s":{"0":1,"1":1,"2":1,"3":1,"4":1,"5":1,"6":1,"7":1},"f":{},"b":{},"_coverageSchema":"43e27e138ebf9cfc5966b082cf9a028302ed4184","hash":"2e93daf2e5d70b8c93fc67e99a9be2e8f32a7e5d"}
}
