TN:
SF:C:\Users\wvd51\Desktop\ARA Final\AnimalRescue\app\components\BottomSheetComponent\BottomSheet.js
FN:8,(anonymous_0)
FN:8,BottomShet
FN:8,render
FNF:3
FNH:1
FNDA:1,(anonymous_0)
FNDA:0,BottomShet
FNDA:0,render
DA:1,1
DA:2,1
DA:3,1
DA:4,1
DA:5,1
DA:6,1
DA:8,1
DA:11,0
DA:27,1
LF:9
LH:8
BRF:0
BRH:0
end_of_record
TN:
SF:C:\Users\wvd51\Desktop\ARA Final\AnimalRescue\app\components\BottomSheetComponent\styles.js
FNF:0
FNH:0
DA:1,1
DA:2,1
DA:4,1
DA:5,1
DA:7,1
DA:110,1
LF:6
LH:6
BRF:0
BRH:0
end_of_record
TN:
SF:C:\Users\wvd51\Desktop\ARA Final\AnimalRescue\app\components\DrawerComponent\DrawerPanel.js
FN:9,(anonymous_0)
FN:10,DrawerPanel
FN:40,(anonymous_2)
FN:43,componentDidMount
FN:43,(anonymous_4)
FN:43,(anonymous_5)
FN:43,render
FN:75,onPress
FNF:8
FNH:1
FNDA:1,(anonymous_0)
FNDA:0,DrawerPanel
FNDA:0,(anonymous_2)
FNDA:0,componentDidMount
FNDA:0,(anonymous_4)
FNDA:0,(anonymous_5)
FNDA:0,render
FNDA:0,onPress
DA:1,1
DA:2,1
DA:3,1
DA:4,1
DA:5,1
DA:6,1
DA:7,1
DA:8,1
DA:9,1
DA:10,0
DA:11,0
DA:41,0
DA:42,0
DA:43,1
DA:45,0
DA:46,0
DA:75,0
DA:84,1
DA:86,1
LF:19
LH:12
BRDA:43,0,0,0
BRDA:43,0,1,0
BRF:2
BRH:0
end_of_record
TN:
SF:C:\Users\wvd51\Desktop\ARA Final\AnimalRescue\app\components\DrawerComponent\styles.js
FNF:0
FNH:0
DA:1,1
DA:2,1
DA:4,1
DA:5,1
DA:7,1
DA:95,1
LF:6
LH:6
BRF:0
BRH:0
end_of_record
TN:
SF:C:\Users\wvd51\Desktop\ARA Final\AnimalRescue\app\components\HeaderNavigationBar\HeaderNavigationBar.js
FN:10,(anonymous_0)
FN:10,HeaderNavigationBar
FN:11,(anonymous_2)
FN:14,render
FN:32,onPress
FN:44,ref
FNF:6
FNH:2
FNDA:1,(anonymous_0)
FNDA:1,HeaderNavigationBar
FNDA:0,(anonymous_2)
FNDA:0,render
FNDA:0,onPress
FNDA:0,ref
DA:1,1
DA:2,1
DA:3,1
DA:4,1
DA:5,1
DA:6,1
DA:7,1
DA:8,1
DA:10,2
DA:12,0
DA:13,0
DA:14,1
DA:15,0
DA:16,0
DA:33,0
DA:45,0
DA:64,1
LF:17
LH:11
BRDA:30,0,0,0
BRDA:30,0,1,0
BRF:2
BRH:0
end_of_record
TN:
SF:C:\Users\wvd51\Desktop\ARA Final\AnimalRescue\app\components\HeaderNavigationBar\styles.js
FNF:0
FNH:0
DA:1,1
DA:2,1
DA:4,1
DA:5,1
DA:7,1
DA:131,1
LF:6
LH:6
BRF:0
BRH:0
end_of_record
TN:
SF:C:\Users\wvd51\Desktop\ARA Final\AnimalRescue\app\components\ModalHeaderNavigationBar\modalHeaderNavigationBar.js
FN:5,(anonymous_0)
FN:5,modalHeaderNavigationBar
FN:5,render
FNF:3
FNH:1
FNDA:1,(anonymous_0)
FNDA:0,modalHeaderNavigationBar
FNDA:0,render
DA:1,1
DA:2,1
DA:3,1
DA:4,1
DA:5,1
DA:7,0
DA:21,1
LF:7
LH:6
BRF:0
BRH:0
end_of_record
TN:
SF:C:\Users\wvd51\Desktop\ARA Final\AnimalRescue\app\components\ModalHeaderNavigationBar\styles.js
FNF:0
FNH:0
DA:1,1
DA:2,1
DA:4,1
DA:5,1
DA:7,1
DA:43,1
LF:6
LH:6
BRF:0
BRH:0
end_of_record
TN:
SF:C:\Users\wvd51\Desktop\ARA Final\AnimalRescue\app\components\Progress\Progress.js
FN:6,(anonymous_0)
FN:6,Pregress
FN:6,render
FNF:3
FNH:1
FNDA:1,(anonymous_0)
FNDA:0,Pregress
FNDA:0,render
DA:1,1
DA:2,1
DA:3,1
DA:4,1
DA:5,1
DA:6,1
DA:8,0
DA:22,1
LF:8
LH:7
BRF:0
BRH:0
end_of_record
TN:
SF:C:\Users\wvd51\Desktop\ARA Final\AnimalRescue\app\components\Progress\styles.js
FNF:0
FNH:0
DA:1,1
DA:2,1
DA:4,1
DA:5,1
DA:7,1
DA:29,1
LF:6
LH:6
BRF:0
BRH:0
end_of_record
TN:
SF:C:\Users\wvd51\Desktop\ARA Final\AnimalRescue\app\components\SearchAndFixLocation\searchView.js
FN:5,(anonymous_0)
FN:7,Search
FN:12,render
FN:26,renderDescription
FN:28,getDefaultValue
FNF:5
FNH:1
FNDA:1,(anonymous_0)
FNDA:0,Search
FNDA:0,render
FNDA:0,renderDescription
FNDA:0,getDefaultValue
DA:1,1
DA:2,1
DA:3,1
DA:5,1
DA:7,0
DA:8,0
DA:9,0
DA:10,0
DA:12,1
DA:17,0
DA:26,0
DA:28,0
DA:58,1
LF:13
LH:6
BRF:0
BRH:0
end_of_record
TN:
SF:C:\Users\wvd51\Desktop\ARA Final\AnimalRescue\app\components\SearchAndFixLocation\styles.js
FNF:0
FNH:0
DA:1,1
DA:3,1
DA:58,1
LF:3
LH:3
BRF:0
BRH:0
end_of_record
TN:
SF:C:\Users\wvd51\Desktop\ARA Final\AnimalRescue\app\config\firebaseConfig.js
FNF:0
FNH:0
DA:1,2
DA:2,2
DA:5,2
DA:15,2
DA:17,2
DA:18,2
DA:19,2
DA:20,2
DA:22,2
LF:9
LH:9
BRF:0
BRH:0
end_of_record
TN:
SF:C:\Users\wvd51\Desktop\ARA Final\AnimalRescue\app\config\styles.js
FNF:0
FNH:0
DA:1,2
DA:2,2
DA:3,2
DA:4,2
DA:5,2
DA:6,2
DA:7,2
DA:8,2
DA:11,2
DA:12,2
DA:15,2
LF:11
LH:11
BRF:0
BRH:0
end_of_record
TN:
SF:C:\Users\wvd51\Desktop\ARA Final\AnimalRescue\app\screens\NewPostScreen\NewPost.js
FN:19,(anonymous_0)
FN:21,NewPost
FN:57,_callee
FN:57,_callee$
FN:59,(anonymous_4)
FN:79,(anonymous_5)
FN:81,_callee2
FN:81,_callee2$
FN:126,(anonymous_8)
FN:127,(anonymous_9)
FN:143,(anonymous_10)
FN:144,(anonymous_11)
FN:161,(anonymous_12)
FN:181,(anonymous_13)
FN:188,(anonymous_14)
FN:195,(anonymous_15)
FN:199,(anonymous_16)
FN:203,_callee3
FN:203,_callee3$
FN:216,(anonymous_19)
FN:218,(anonymous_20)
FN:221,(anonymous_21)
FN:233,(anonymous_22)
FN:238,(anonymous_23)
FN:241,(anonymous_24)
FN:246,(anonymous_25)
FN:249,(anonymous_26)
FN:265,(anonymous_27)
FN:267,(anonymous_28)
FN:270,(anonymous_29)
FN:282,(anonymous_30)
FN:287,(anonymous_31)
FN:290,(anonymous_32)
FN:295,(anonymous_33)
FN:298,(anonymous_34)
FN:305,_callee4
FN:305,_callee4$
FN:349,(anonymous_37)
FN:358,updateIndex
FN:358,render
FN:372,drawer
FN:375,onNext
FN:385,onPress
FN:389,onPress
FN:397,onPress
FN:401,onPress
FN:413,onNext
FN:424,ref
FN:425,onPress
FN:447,onSubmit
FN:452,onPress
FN:461,onPress
FN:478,onChangeText
FN:489,onChangeText
FN:501,ref
FN:506,onPress
FN:514,ref
FNF:57
FNH:5
FNDA:1,(anonymous_0)
FNDA:1,NewPost
FNDA:0,_callee
FNDA:0,_callee$
FNDA:0,(anonymous_4)
FNDA:0,(anonymous_5)
FNDA:0,_callee2
FNDA:0,_callee2$
FNDA:0,(anonymous_8)
FNDA:0,(anonymous_9)
FNDA:0,(anonymous_10)
FNDA:0,(anonymous_11)
FNDA:0,(anonymous_12)
FNDA:0,(anonymous_13)
FNDA:0,(anonymous_14)
FNDA:8,(anonymous_15)
FNDA:1,(anonymous_16)
FNDA:0,_callee3
FNDA:0,_callee3$
FNDA:0,(anonymous_19)
FNDA:0,(anonymous_20)
FNDA:0,(anonymous_21)
FNDA:0,(anonymous_22)
FNDA:0,(anonymous_23)
FNDA:0,(anonymous_24)
FNDA:0,(anonymous_25)
FNDA:0,(anonymous_26)
FNDA:0,(anonymous_27)
FNDA:0,(anonymous_28)
FNDA:0,(anonymous_29)
FNDA:0,(anonymous_30)
FNDA:0,(anonymous_31)
FNDA:0,(anonymous_32)
FNDA:0,(anonymous_33)
FNDA:0,(anonymous_34)
FNDA:0,_callee4
FNDA:0,_callee4$
FNDA:0,(anonymous_37)
FNDA:0,updateIndex
FNDA:1,render
FNDA:0,drawer
FNDA:0,onNext
FNDA:0,onPress
FNDA:0,onPress
FNDA:0,onPress
FNDA:0,onPress
FNDA:0,onNext
FNDA:0,ref
FNDA:0,onPress
FNDA:0,onSubmit
FNDA:0,onPress
FNDA:0,onPress
FNDA:0,onChangeText
FNDA:0,onChangeText
FNDA:0,ref
FNDA:0,onPress
FNDA:0,ref
DA:1,1
DA:2,1
DA:3,1
DA:4,1
DA:5,1
DA:6,1
DA:7,1
DA:8,1
DA:9,1
DA:10,1
DA:11,1
DA:12,1
DA:13,1
DA:14,1
DA:15,1
DA:17,1
DA:18,1
DA:19,1
DA:21,1
DA:22,1
DA:57,0
DA:58,0
DA:59,0
DA:61,0
DA:67,0
DA:72,0
DA:73,0
DA:79,1
DA:81,0
DA:92,0
DA:95,0
DA:96,0
DA:98,0
DA:99,0
DA:101,0
DA:113,0
DA:116,0
DA:117,0
DA:119,0
DA:120,0
DA:122,1
DA:127,0
DA:128,0
DA:129,0
DA:130,0
DA:131,0
DA:133,0
DA:141,1
DA:144,0
DA:145,0
DA:146,0
DA:147,0
DA:148,0
DA:150,0
DA:158,1
DA:161,0
DA:164,0
DA:165,0
DA:171,0
DA:178,0
DA:179,1
DA:182,0
DA:183,0
DA:186,1
DA:189,0
DA:190,0
DA:193,1
DA:196,8
DA:197,1
DA:200,1
DA:201,1
DA:203,0
DA:204,0
DA:205,0
DA:206,0
DA:207,0
DA:208,0
DA:209,0
DA:210,0
DA:211,0
DA:212,0
DA:214,0
DA:217,0
DA:218,0
DA:219,0
DA:221,0
DA:222,0
DA:223,0
DA:225,0
DA:226,0
DA:227,0
DA:228,0
DA:229,0
DA:231,0
DA:233,0
DA:234,0
DA:235,0
DA:239,0
DA:242,0
DA:246,0
DA:247,0
DA:248,0
DA:250,0
DA:252,0
DA:254,0
DA:255,0
DA:256,0
DA:257,0
DA:258,0
DA:259,0
DA:260,0
DA:261,0
DA:263,0
DA:266,0
DA:267,0
DA:268,0
DA:270,0
DA:271,0
DA:272,0
DA:274,0
DA:275,0
DA:276,0
DA:277,0
DA:278,0
DA:280,0
DA:282,0
DA:283,0
DA:284,0
DA:288,0
DA:291,0
DA:295,0
DA:296,0
DA:297,0
DA:299,0
DA:301,1
DA:305,0
DA:306,0
DA:307,0
DA:308,0
DA:309,0
DA:310,0
DA:311,0
DA:324,0
DA:332,0
DA:333,0
DA:334,0
DA:345,1
DA:350,0
DA:351,0
DA:352,0
DA:353,0
DA:355,0
DA:358,1
DA:361,1
DA:362,1
DA:363,0
DA:368,1
DA:369,1
DA:370,1
DA:372,0
DA:375,0
DA:385,0
DA:389,0
DA:397,0
DA:401,0
DA:413,0
DA:424,0
DA:425,0
DA:447,0
DA:453,0
DA:462,0
DA:478,0
DA:489,0
DA:501,0
DA:507,0
DA:508,0
DA:514,0
DA:522,1
DA:526,1
LF:179
LH:41
BRDA:57,0,0,0
BRDA:57,0,1,0
BRDA:57,0,2,0
BRDA:72,1,0,0
BRDA:72,1,1,0
BRDA:72,2,0,0
BRDA:72,2,1,0
BRDA:81,3,0,0
BRDA:81,3,1,0
BRDA:81,3,2,0
BRDA:81,3,3,0
BRDA:81,3,4,0
BRDA:81,3,5,0
BRDA:81,3,6,0
BRDA:81,3,7,0
BRDA:95,4,0,0
BRDA:95,4,1,0
BRDA:116,5,0,0
BRDA:116,5,1,0
BRDA:128,6,0,0
BRDA:128,6,1,0
BRDA:130,7,0,0
BRDA:130,7,1,0
BRDA:145,8,0,0
BRDA:145,8,1,0
BRDA:147,9,0,0
BRDA:147,9,1,0
BRDA:182,10,0,0
BRDA:182,10,1,0
BRDA:189,11,0,0
BRDA:189,11,1,0
BRDA:189,12,0,0
BRDA:189,12,1,0
BRDA:203,13,0,0
BRDA:203,13,1,0
BRDA:203,13,2,0
BRDA:203,13,3,0
BRDA:203,13,4,0
BRDA:203,13,5,0
BRDA:203,14,0,0
BRDA:203,14,1,0
BRDA:305,15,0,0
BRDA:305,15,1,0
BRDA:305,15,2,0
BRDA:350,16,0,0
BRDA:350,16,1,0
BRDA:352,17,0,0
BRDA:352,17,1,0
BRDA:362,18,0,0
BRDA:362,18,1,1
BRDA:383,19,0,1
BRDA:383,19,1,0
BRDA:384,20,0,1
BRDA:384,20,1,0
BRDA:396,21,0,0
BRDA:396,21,1,0
BRDA:431,22,0,0
BRDA:431,22,1,1
BRDA:431,23,0,1
BRDA:431,23,1,0
BRDA:449,24,0,1
BRDA:449,24,1,0
BRDA:469,25,0,1
BRDA:469,25,1,0
BRDA:507,26,0,0
BRDA:507,26,1,0
BRF:66
BRH:7
end_of_record
TN:
SF:C:\Users\wvd51\Desktop\ARA Final\AnimalRescue\app\screens\NewPostScreen\style.js
FNF:0
FNH:0
DA:1,1
DA:2,1
DA:4,1
DA:5,1
DA:7,1
DA:105,1
LF:6
LH:6
BRF:0
BRH:0
end_of_record
TN:
SF:C:\Users\wvd51\Desktop\ARA Final\AnimalRescue\app\screens\PostScreen\Post.js
FN:26,(anonymous_0)
FN:28,Post
FN:50,_callee
FN:50,_callee$
FN:58,(anonymous_4)
FN:103,(anonymous_5)
FN:107,(anonymous_6)
FN:124,(anonymous_7)
FN:125,(anonymous_8)
FN:133,(anonymous_9)
FN:137,(anonymous_10)
FN:141,(anonymous_11)
FN:161,(anonymous_12)
FN:183,(anonymous_13)
FN:200,(anonymous_14)
FN:212,(anonymous_15)
FN:214,(anonymous_16)
FN:220,(anonymous_17)
FN:222,(anonymous_18)
FN:229,(anonymous_19)
FN:260,(anonymous_20)
FN:267,(anonymous_21)
FN:279,(anonymous_22)
FN:318,(anonymous_23)
FN:345,(anonymous_24)
FN:349,(anonymous_25)
FN:353,_callee2
FN:353,_callee2$
FN:363,(anonymous_28)
FN:365,(anonymous_29)
FN:368,(anonymous_30)
FN:380,(anonymous_31)
FN:385,(anonymous_32)
FN:388,(anonymous_33)
FN:393,(anonymous_34)
FN:396,(anonymous_35)
FN:401,(anonymous_36)
FN:440,(anonymous_37)
FN:449,(anonymous_38)
FN:454,(anonymous_39)
FN:455,(anonymous_40)
FN:469,(anonymous_41)
FN:514,clickEventListener
FN:514,render
FN:534,ref
FN:535,onContentSizeChange
FN:545,renderHeader
FN:554,ref
FN:582,renderFixedForeground
FN:585,ref
FN:590,onPress
FN:602,onHide
FN:603,onDisplay
FN:654,onPress
FN:694,onPress
FN:698,onPress
FN:709,onPress
FN:739,onPress
FN:746,onPress
FN:749,onPress
FN:794,onPress
FN:801,onPress
FN:804,onPress
FN:826,onPress
FN:859,onPress
FN:863,onPress
FN:878,onChangeText
FN:888,onChangeText
FN:894,onPress
FNF:69
FNH:2
FNDA:1,(anonymous_0)
FNDA:1,Post
FNDA:0,_callee
FNDA:0,_callee$
FNDA:0,(anonymous_4)
FNDA:0,(anonymous_5)
FNDA:0,(anonymous_6)
FNDA:0,(anonymous_7)
FNDA:0,(anonymous_8)
FNDA:0,(anonymous_9)
FNDA:0,(anonymous_10)
FNDA:0,(anonymous_11)
FNDA:0,(anonymous_12)
FNDA:0,(anonymous_13)
FNDA:0,(anonymous_14)
FNDA:0,(anonymous_15)
FNDA:0,(anonymous_16)
FNDA:0,(anonymous_17)
FNDA:0,(anonymous_18)
FNDA:0,(anonymous_19)
FNDA:0,(anonymous_20)
FNDA:0,(anonymous_21)
FNDA:0,(anonymous_22)
FNDA:0,(anonymous_23)
FNDA:0,(anonymous_24)
FNDA:0,(anonymous_25)
FNDA:0,_callee2
FNDA:0,_callee2$
FNDA:0,(anonymous_28)
FNDA:0,(anonymous_29)
FNDA:0,(anonymous_30)
FNDA:0,(anonymous_31)
FNDA:0,(anonymous_32)
FNDA:0,(anonymous_33)
FNDA:0,(anonymous_34)
FNDA:0,(anonymous_35)
FNDA:0,(anonymous_36)
FNDA:0,(anonymous_37)
FNDA:0,(anonymous_38)
FNDA:0,(anonymous_39)
FNDA:0,(anonymous_40)
FNDA:0,(anonymous_41)
FNDA:0,clickEventListener
FNDA:0,render
FNDA:0,ref
FNDA:0,onContentSizeChange
FNDA:0,renderHeader
FNDA:0,ref
FNDA:0,renderFixedForeground
FNDA:0,ref
FNDA:0,onPress
FNDA:0,onHide
FNDA:0,onDisplay
FNDA:0,onPress
FNDA:0,onPress
FNDA:0,onPress
FNDA:0,onPress
FNDA:0,onPress
FNDA:0,onPress
FNDA:0,onPress
FNDA:0,onPress
FNDA:0,onPress
FNDA:0,onPress
FNDA:0,onPress
FNDA:0,onPress
FNDA:0,onPress
FNDA:0,onChangeText
FNDA:0,onChangeText
FNDA:0,onPress
DA:1,1
DA:2,1
DA:15,1
DA:16,1
DA:17,1
DA:18,1
DA:19,1
DA:20,1
DA:21,1
DA:22,1
DA:23,1
DA:24,1
DA:25,1
DA:26,1
DA:28,1
DA:29,1
DA:50,0
DA:51,0
DA:52,0
DA:53,0
DA:55,0
DA:57,0
DA:58,0
DA:59,0
DA:61,0
DA:62,0
DA:63,0
DA:64,0
DA:65,0
DA:66,0
DA:67,0
DA:68,0
DA:71,0
DA:74,0
DA:75,0
DA:79,0
DA:80,0
DA:86,0
DA:102,0
DA:103,0
DA:104,0
DA:105,0
DA:106,0
DA:107,0
DA:108,0
DA:109,0
DA:110,0
DA:111,0
DA:120,0
DA:124,0
DA:125,0
DA:126,0
DA:127,0
DA:128,0
DA:129,0
DA:133,0
DA:136,0
DA:137,0
DA:138,0
DA:139,0
DA:140,0
DA:141,0
DA:142,0
DA:143,0
DA:144,0
DA:145,0
DA:157,0
DA:161,0
DA:182,0
DA:183,0
DA:184,0
DA:185,0
DA:186,0
DA:187,0
DA:201,0
DA:204,1
DA:213,0
DA:214,0
DA:215,0
DA:216,0
DA:218,0
DA:220,0
DA:221,1
DA:223,0
DA:224,0
DA:227,1
DA:230,0
DA:231,0
DA:233,0
DA:234,0
DA:235,0
DA:238,0
DA:239,0
DA:240,0
DA:243,0
DA:244,0
DA:245,0
DA:248,0
DA:249,0
DA:250,0
DA:253,0
DA:254,0
DA:255,0
DA:258,0
DA:259,1
DA:261,0
DA:262,0
DA:264,0
DA:266,1
DA:268,0
DA:269,0
DA:270,0
DA:271,0
DA:275,0
DA:277,0
DA:278,0
DA:279,0
DA:280,0
DA:281,0
DA:282,0
DA:283,0
DA:284,0
DA:285,0
DA:286,0
DA:295,0
DA:297,0
DA:298,0
DA:299,0
DA:308,0
DA:309,0
DA:314,0
DA:315,0
DA:316,0
DA:317,0
DA:318,0
DA:319,0
DA:320,0
DA:321,0
DA:322,0
DA:323,0
DA:324,0
DA:325,0
DA:326,0
DA:335,0
DA:337,0
DA:344,1
DA:346,0
DA:347,1
DA:350,0
DA:351,1
DA:353,0
DA:354,0
DA:358,0
DA:359,0
DA:360,0
DA:361,0
DA:362,0
DA:364,0
DA:365,0
DA:366,0
DA:368,0
DA:369,0
DA:370,0
DA:372,0
DA:373,0
DA:374,0
DA:375,0
DA:376,0
DA:378,0
DA:380,0
DA:381,0
DA:382,0
DA:386,0
DA:389,0
DA:393,0
DA:394,0
DA:395,0
DA:397,0
DA:399,1
DA:402,0
DA:403,0
DA:404,0
DA:405,0
DA:406,0
DA:407,0
DA:413,0
DA:421,0
DA:422,0
DA:423,0
DA:431,0
DA:433,0
DA:434,0
DA:435,0
DA:436,0
DA:438,1
DA:441,0
DA:442,0
DA:443,0
DA:444,0
DA:445,0
DA:447,1
DA:450,0
DA:453,1
DA:455,0
DA:456,0
DA:457,0
DA:458,0
DA:459,0
DA:461,0
DA:467,1
DA:470,0
DA:471,0
DA:472,0
DA:473,0
DA:474,0
DA:475,0
DA:482,0
DA:491,0
DA:492,0
DA:493,0
DA:501,0
DA:504,0
DA:505,0
DA:506,0
DA:507,0
DA:508,0
DA:509,0
DA:510,0
DA:514,1
DA:515,0
DA:516,0
DA:518,0
DA:519,0
DA:529,0
DA:530,0
DA:534,0
DA:536,0
DA:537,0
DA:546,0
DA:547,0
DA:551,0
DA:555,0
DA:582,0
DA:586,0
DA:590,0
DA:602,0
DA:603,0
DA:654,0
DA:694,0
DA:698,0
DA:709,0
DA:739,0
DA:746,0
DA:749,0
DA:794,0
DA:801,0
DA:804,0
DA:826,0
DA:859,0
DA:863,0
DA:878,0
DA:888,0
DA:894,0
DA:909,0
DA:914,1
LF:265
LH:31
BRDA:50,0,0,0
BRDA:50,0,1,0
BRDA:50,0,2,0
BRDA:53,1,0,0
BRDA:53,1,1,0
BRDA:61,2,0,0
BRDA:61,2,1,0
BRDA:67,3,0,0
BRDA:67,3,1,0
BRDA:74,4,0,0
BRDA:74,4,1,0
BRDA:102,5,0,0
BRDA:102,5,1,0
BRDA:105,6,0,0
BRDA:105,6,1,0
BRDA:109,7,0,0
BRDA:109,7,1,0
BRDA:127,8,0,0
BRDA:127,8,1,0
BRDA:136,9,0,0
BRDA:136,9,1,0
BRDA:139,10,0,0
BRDA:139,10,1,0
BRDA:143,11,0,0
BRDA:143,11,1,0
BRDA:185,12,0,0
BRDA:185,12,1,0
BRDA:215,13,0,0
BRDA:215,13,1,0
BRDA:234,14,0,0
BRDA:234,14,1,0
BRDA:239,15,0,0
BRDA:239,15,1,0
BRDA:244,16,0,0
BRDA:244,16,1,0
BRDA:249,17,0,0
BRDA:249,17,1,0
BRDA:254,18,0,0
BRDA:254,18,1,0
BRDA:261,19,0,0
BRDA:261,19,1,0
BRDA:268,20,0,0
BRDA:268,20,1,0
BRDA:278,21,0,0
BRDA:278,21,1,0
BRDA:281,22,0,0
BRDA:281,22,1,0
BRDA:317,23,0,0
BRDA:317,23,1,0
BRDA:320,24,0,0
BRDA:320,24,1,0
BRDA:325,25,0,0
BRDA:325,25,1,0
BRDA:353,26,0,0
BRDA:353,26,1,0
BRDA:353,26,2,0
BRDA:353,26,3,0
BRDA:456,27,0,0
BRDA:456,27,1,0
BRDA:458,28,0,0
BRDA:458,28,1,0
BRDA:518,29,0,0
BRDA:518,29,1,0
BRDA:529,30,0,0
BRDA:529,30,1,0
BRDA:536,31,0,0
BRDA:536,31,1,0
BRDA:546,32,0,0
BRDA:546,32,1,0
BRDA:589,33,0,0
BRDA:589,33,1,0
BRDA:634,34,0,0
BRDA:634,34,1,0
BRDA:634,35,0,0
BRDA:634,35,1,0
BRDA:693,36,0,0
BRDA:693,36,1,0
BRDA:737,37,0,0
BRDA:737,37,1,0
BRDA:738,38,0,0
BRDA:738,38,1,0
BRDA:757,39,0,0
BRDA:757,39,1,0
BRDA:793,40,0,0
BRDA:793,40,1,0
BRDA:812,41,0,0
BRDA:812,41,1,0
BRDA:825,42,0,0
BRDA:825,42,1,0
BRDA:825,43,0,0
BRDA:825,43,1,0
BRDA:856,44,0,0
BRDA:856,44,1,0
BRDA:858,45,0,0
BRDA:858,45,1,0
BRDA:869,46,0,0
BRDA:869,46,1,0
BRF:97
BRH:0
end_of_record
TN:
SF:C:\Users\wvd51\Desktop\ARA Final\AnimalRescue\app\screens\PostScreen\style.js
FNF:0
FNH:0
DA:1,1
DA:2,1
DA:4,1
DA:5,1
DA:7,1
DA:188,1
LF:6
LH:6
BRF:0
BRH:0
end_of_record
